[ 2016-11-11T15:02:58+08:00 ] 127.0.0.1 /
INFO: [ app_init ] --START--
INFO: Run Behavior\BuildLiteBehavior [ RunTime:0.000000s ]
INFO: [ app_init ] --END-- [ RunTime:0.002000s ]
INFO: [ app_begin ] --START--
INFO: Run Behavior\ReadHtmlCacheBehavior [ RunTime:0.016001s ]
INFO: [ app_begin ] --END-- [ RunTime:0.017001s ]

[ 2016-11-11T15:02:58+08:00 ] 127.0.0.1 /Admin/index/login.html
INFO: [ app_init ] --START--
INFO: Run Behavior\BuildLiteBehavior [ RunTime:0.001000s ]
INFO: [ app_init ] --END-- [ RunTime:0.001000s ]
INFO: [ app_begin ] --START--
INFO: Run Behavior\ReadHtmlCacheBehavior [ RunTime:0.001000s ]
INFO: [ app_begin ] --END-- [ RunTime:0.002000s ]
INFO: [ view_parse ] --START--
INFO: [ template_filter ] --START--
INFO: Run Behavior\ContentReplaceBehavior [ RunTime:0.002000s ]
INFO: [ template_filter ] --END-- [ RunTime:0.003000s ]
INFO: Run Behavior\ParseTemplateBehavior [ RunTime:0.118007s ]
INFO: [ view_parse ] --END-- [ RunTime:0.119007s ]
INFO: [ view_filter ] --START--
INFO: Run Behavior\WriteHtmlCacheBehavior [ RunTime:0.004000s ]
INFO: [ view_filter ] --END-- [ RunTime:0.006000s ]
INFO: [ app_end ] --START--
INFO: Run Behavior\ShowPageTraceBehavior [ RunTime:0.035002s ]
INFO: [ app_end ] --END-- [ RunTime:0.036002s ]

[ 2016-11-11T15:02:58+08:00 ] 127.0.0.1 /Admin/index/makecode/nchash/28041d11.html
INFO: [ app_init ] --START--
INFO: Run Behavior\BuildLiteBehavior [ RunTime:0.000000s ]
INFO: [ app_init ] --END-- [ RunTime:0.001000s ]
INFO: [ app_begin ] --START--
INFO: Run Behavior\ReadHtmlCacheBehavior [ RunTime:0.002000s ]
INFO: [ app_begin ] --END-- [ RunTime:0.003000s ]
NOTIC: [2] Cannot use a scalar value as an array F:\Projects\gtbl\ThinkPHP\Library\Think\Verify.class.php 第 176 行.
NOTIC: [2] Cannot use a scalar value as an array F:\Projects\gtbl\ThinkPHP\Library\Think\Verify.class.php 第 176 行.
NOTIC: [2] Cannot use a scalar value as an array F:\Projects\gtbl\ThinkPHP\Library\Think\Verify.class.php 第 176 行.
NOTIC: [2] Cannot use a scalar value as an array F:\Projects\gtbl\ThinkPHP\Library\Think\Verify.class.php 第 176 行.
INFO: [ app_end ] --START--
INFO: Run Behavior\ShowPageTraceBehavior [ RunTime:0.002001s ]
INFO: [ app_end ] --END-- [ RunTime:0.003001s ]

[ 2016-11-11T15:03:51+08:00 ] 127.0.0.1 /
INFO: [ app_init ] --START--
INFO: Run Behavior\BuildLiteBehavior [ RunTime:0.000000s ]
INFO: [ app_init ] --END-- [ RunTime:0.002000s ]
INFO: [ app_begin ] --START--
INFO: Run Behavior\ReadHtmlCacheBehavior [ RunTime:0.000000s ]
INFO: [ app_begin ] --END-- [ RunTime:0.002000s ]

[ 2016-11-11T15:03:51+08:00 ] 127.0.0.1 /Admin/index/login.html
INFO: [ app_init ] --START--
INFO: Run Behavior\BuildLiteBehavior [ RunTime:0.000000s ]
INFO: [ app_init ] --END-- [ RunTime:0.001000s ]
INFO: [ app_begin ] --START--
INFO: Run Behavior\ReadHtmlCacheBehavior [ RunTime:0.001000s ]
INFO: [ app_begin ] --END-- [ RunTime:0.002000s ]
INFO: [ view_parse ] --START--
INFO: [ template_filter ] --START--
INFO: Run Behavior\ContentReplaceBehavior [ RunTime:0.000000s ]
INFO: [ template_filter ] --END-- [ RunTime:0.001000s ]
INFO: Run Behavior\ParseTemplateBehavior [ RunTime:0.024001s ]
INFO: [ view_parse ] --END-- [ RunTime:0.025002s ]
INFO: [ view_filter ] --START--
INFO: Run Behavior\WriteHtmlCacheBehavior [ RunTime:0.000000s ]
INFO: [ view_filter ] --END-- [ RunTime:0.002000s ]
INFO: [ app_end ] --START--
INFO: Run Behavior\ShowPageTraceBehavior [ RunTime:0.001000s ]
INFO: [ app_end ] --END-- [ RunTime:0.003000s ]

[ 2016-11-11T15:03:51+08:00 ] 127.0.0.1 /Admin/index/makecode/nchash/28041d11.html
INFO: [ app_init ] --START--
INFO: Run Behavior\BuildLiteBehavior [ RunTime:0.000000s ]
INFO: [ app_init ] --END-- [ RunTime:0.002001s ]
INFO: [ app_begin ] --START--
INFO: Run Behavior\ReadHtmlCacheBehavior [ RunTime:0.002000s ]
INFO: [ app_begin ] --END-- [ RunTime:0.003001s ]
NOTIC: [2] Cannot use a scalar value as an array F:\Projects\gtbl\ThinkPHP\Library\Think\Verify.class.php 第 176 行.
NOTIC: [2] Cannot use a scalar value as an array F:\Projects\gtbl\ThinkPHP\Library\Think\Verify.class.php 第 176 行.
NOTIC: [2] Cannot use a scalar value as an array F:\Projects\gtbl\ThinkPHP\Library\Think\Verify.class.php 第 176 行.
NOTIC: [2] Cannot use a scalar value as an array F:\Projects\gtbl\ThinkPHP\Library\Think\Verify.class.php 第 176 行.
INFO: [ app_end ] --START--
INFO: Run Behavior\ShowPageTraceBehavior [ RunTime:0.001000s ]
INFO: [ app_end ] --END-- [ RunTime:0.002000s ]

[ 2016-11-11T15:04:23+08:00 ] 127.0.0.1 /index.php
INFO: [ app_init ] --START--
INFO: Run Behavior\BuildLiteBehavior [ RunTime:0.000000s ]
INFO: [ app_init ] --END-- [ RunTime:0.001000s ]
INFO: [ app_begin ] --START--
INFO: Run Behavior\ReadHtmlCacheBehavior [ RunTime:0.001000s ]
INFO: [ app_begin ] --END-- [ RunTime:0.002000s ]

[ 2016-11-11T15:04:23+08:00 ] 127.0.0.1 /Admin/index/login.html
INFO: [ app_init ] --START--
INFO: Run Behavior\BuildLiteBehavior [ RunTime:0.001000s ]
INFO: [ app_init ] --END-- [ RunTime:0.001000s ]
INFO: [ app_begin ] --START--
INFO: Run Behavior\ReadHtmlCacheBehavior [ RunTime:0.001000s ]
INFO: [ app_begin ] --END-- [ RunTime:0.001000s ]
INFO: [ view_parse ] --START--
INFO: [ template_filter ] --START--
INFO: Run Behavior\ContentReplaceBehavior [ RunTime:0.000000s ]
INFO: [ template_filter ] --END-- [ RunTime:0.001000s ]
INFO: Run Behavior\ParseTemplateBehavior [ RunTime:0.022001s ]
INFO: [ view_parse ] --END-- [ RunTime:0.022001s ]
INFO: [ view_filter ] --START--
INFO: Run Behavior\WriteHtmlCacheBehavior [ RunTime:0.001000s ]
INFO: [ view_filter ] --END-- [ RunTime:0.002000s ]
INFO: [ app_end ] --START--
INFO: Run Behavior\ShowPageTraceBehavior [ RunTime:0.001000s ]
INFO: [ app_end ] --END-- [ RunTime:0.002000s ]

[ 2016-11-11T15:04:23+08:00 ] 127.0.0.1 /Admin/index/makecode/nchash/28041d11.html
INFO: [ app_init ] --START--
INFO: Run Behavior\BuildLiteBehavior [ RunTime:0.000000s ]
INFO: [ app_init ] --END-- [ RunTime:0.001000s ]
INFO: [ app_begin ] --START--
INFO: Run Behavior\ReadHtmlCacheBehavior [ RunTime:0.001000s ]
INFO: [ app_begin ] --END-- [ RunTime:0.001000s ]
NOTIC: [2] Cannot use a scalar value as an array F:\Projects\gtbl\ThinkPHP\Library\Think\Verify.class.php 第 176 行.
NOTIC: [2] Cannot use a scalar value as an array F:\Projects\gtbl\ThinkPHP\Library\Think\Verify.class.php 第 176 行.
NOTIC: [2] Cannot use a scalar value as an array F:\Projects\gtbl\ThinkPHP\Library\Think\Verify.class.php 第 176 行.
NOTIC: [2] Cannot use a scalar value as an array F:\Projects\gtbl\ThinkPHP\Library\Think\Verify.class.php 第 176 行.
INFO: [ app_end ] --START--
INFO: Run Behavior\ShowPageTraceBehavior [ RunTime:0.001000s ]
INFO: [ app_end ] --END-- [ RunTime:0.003000s ]

[ 2016-11-11T15:05:26+08:00 ] 127.0.0.1 /Admin/index/login.html
INFO: [ app_init ] --START--
INFO: Run Behavior\BuildLiteBehavior [ RunTime:0.000000s ]
INFO: [ app_init ] --END-- [ RunTime:0.001000s ]
INFO: [ app_begin ] --START--
INFO: Run Behavior\ReadHtmlCacheBehavior [ RunTime:0.000000s ]
INFO: [ app_begin ] --END-- [ RunTime:0.002000s ]
SQL: SHOW COLUMNS FROM `gt_admin` [ RunTime:0.0020s ]

[ 2016-11-11T15:05:29+08:00 ] 127.0.0.1 /Admin/index/makecode/nchash/28041d11.html&1478847929519
INFO: [ app_init ] --START--
INFO: Run Behavior\BuildLiteBehavior [ RunTime:0.001000s ]
INFO: [ app_init ] --END-- [ RunTime:0.003000s ]
INFO: [ app_begin ] --START--
INFO: Run Behavior\ReadHtmlCacheBehavior [ RunTime:0.001000s ]
INFO: [ app_begin ] --END-- [ RunTime:0.002001s ]
NOTIC: [2] Cannot use a scalar value as an array F:\Projects\gtbl\ThinkPHP\Library\Think\Verify.class.php 第 176 行.
NOTIC: [2] Cannot use a scalar value as an array F:\Projects\gtbl\ThinkPHP\Library\Think\Verify.class.php 第 176 行.
NOTIC: [2] Cannot use a scalar value as an array F:\Projects\gtbl\ThinkPHP\Library\Think\Verify.class.php 第 176 行.
NOTIC: [2] Cannot use a scalar value as an array F:\Projects\gtbl\ThinkPHP\Library\Think\Verify.class.php 第 176 行.
INFO: [ app_end ] --START--
INFO: Run Behavior\ShowPageTraceBehavior [ RunTime:0.001000s ]
INFO: [ app_end ] --END-- [ RunTime:0.002000s ]

[ 2016-11-11T15:05:35+08:00 ] 127.0.0.1 /Admin/index/login.html
INFO: [ app_init ] --START--
INFO: Run Behavior\BuildLiteBehavior [ RunTime:0.000000s ]
INFO: [ app_init ] --END-- [ RunTime:0.002000s ]
INFO: [ app_begin ] --START--
INFO: Run Behavior\ReadHtmlCacheBehavior [ RunTime:0.001000s ]
INFO: [ app_begin ] --END-- [ RunTime:0.002000s ]
SQL: SHOW COLUMNS FROM `gt_admin` [ RunTime:0.0010s ]
SQL: SELECT * FROM `gt_admin` WHERE `admin_name` = 'admin' AND `admin_password` = '7fef6171469e80d32c0559f88b377245' AND `status` = 1 LIMIT 1   [ RunTime:0.0010s ]
SQL: SHOW COLUMNS FROM `gt_role` [ RunTime:0.0010s ]
SQL: SELECT * FROM `gt_role` WHERE ( 1=1 AND role_id='1' ) LIMIT 1   [ RunTime:0.0010s ]
SQL: UPDATE `gt_admin` SET `last_login_time`='1478847934',`last_login_ip`='127.0.0.1' WHERE `admin_id` = 2 [ RunTime:0.0530s ]
SQL: UPDATE `gt_admin` SET `login_times`=login_times+1 WHERE `admin_id` = 2 [ RunTime:0.0260s ]

[ 2016-11-11T15:05:35+08:00 ] 127.0.0.1 /Admin/index/index.html
INFO: [ app_init ] --START--
INFO: Run Behavior\BuildLiteBehavior [ RunTime:0.000000s ]
INFO: [ app_init ] --END-- [ RunTime:0.001000s ]
INFO: [ app_begin ] --START--
INFO: Run Behavior\ReadHtmlCacheBehavior [ RunTime:0.001000s ]
INFO: [ app_begin ] --END-- [ RunTime:0.002000s ]
SQL: SHOW COLUMNS FROM `gt_menu` [ RunTime:0.0010s ]
SQL: SELECT * FROM `gt_menu` WHERE `type` = 1 AND `status` = 1 ORDER BY sort  [ RunTime:0.0020s ]
SQL: SHOW COLUMNS FROM `gt_message` [ RunTime:0.0020s ]
SQL: SELECT COUNT(*) AS tp_count FROM `gt_message` WHERE `status` = 0 AND `admin_id` = 2 LIMIT 1   [ RunTime:0.0020s ]
INFO: [ view_parse ] --START--
INFO: [ template_filter ] --START--
INFO: Run Behavior\ContentReplaceBehavior [ RunTime:0.001000s ]
INFO: [ template_filter ] --END-- [ RunTime:0.002000s ]
INFO: Run Behavior\ParseTemplateBehavior [ RunTime:0.171010s ]
INFO: [ view_parse ] --END-- [ RunTime:0.171010s ]
INFO: [ view_filter ] --START--
INFO: Run Behavior\WriteHtmlCacheBehavior [ RunTime:0.001000s ]
INFO: [ view_filter ] --END-- [ RunTime:0.002000s ]
INFO: [ app_end ] --START--
INFO: Run Behavior\ShowPageTraceBehavior [ RunTime:0.001000s ]
INFO: [ app_end ] --END-- [ RunTime:0.002000s ]

[ 2016-11-11T15:05:35+08:00 ] 127.0.0.1 /Admin/Index/index_layout.html?_=1478847935461
INFO: [ app_init ] --START--
INFO: Run Behavior\BuildLiteBehavior [ RunTime:0.001000s ]
INFO: [ app_init ] --END-- [ RunTime:0.001000s ]
INFO: [ app_begin ] --START--
INFO: Run Behavior\ReadHtmlCacheBehavior [ RunTime:0.001000s ]
INFO: [ app_begin ] --END-- [ RunTime:0.002000s ]
SQL: SHOW COLUMNS FROM `gt_message` [ RunTime:0.0010s ]
SQL: SELECT COUNT(*) AS tp_count FROM `gt_message` WHERE `admin_id` = 2 LIMIT 1   [ RunTime:0.0020s ]
SQL: SELECT * FROM `gt_message` WHERE `admin_id` = 2 ORDER BY status ASC,addtime DESC LIMIT 0,3   [ RunTime:0.0010s ]
SQL: SHOW COLUMNS FROM `gt_backlog` [ RunTime:0.0010s ]
SQL: SELECT COUNT(*) AS tp_count FROM `gt_backlog` WHERE `admin_id` = 2 AND `status` = 0 LIMIT 1   [ RunTime:0.0010s ]
SQL: SELECT * FROM `gt_backlog` WHERE `admin_id` = 2 AND `status` = 0 ORDER BY addtime DESC LIMIT 0,3   [ RunTime:0.0010s ]
SQL: SHOW COLUMNS FROM `gt_announcement` [ RunTime:0.0010s ]
SQL: SHOW COLUMNS FROM `gt_announcement` [ RunTime:0.0010s ]
SQL: SELECT COUNT(*) AS tp_count FROM gt_announcement AS t WHERE t.status = 1 LIMIT 1   [ RunTime:0.0010s ]
SQL: SHOW COLUMNS FROM `gt_announcement` [ RunTime:0.0020s ]
SQL: SELECT t.*,`real_name` FROM gt_announcement AS t LEFT JOIN gt_admin AS a ON a.admin_id=t.admin_id  WHERE t.status = 1 ORDER BY t.addtime ASC LIMIT 0,3   [ RunTime:0.0010s ]
SQL: SHOW COLUMNS FROM `gt_research_report` [ RunTime:0.0010s ]
SQL: SHOW COLUMNS FROM `gt_research_report` [ RunTime:0.0010s ]
SQL: SELECT COUNT(*) AS tp_count FROM gt_research_report AS t LEFT JOIN gt_admin AS a ON a.admin_id=t.admin_id LEFT JOIN gt_department AS d ON d.dept_id=a.dp_id  WHERE t.status = 1 LIMIT 1   [ RunTime:0.0010s ]
SQL: SHOW COLUMNS FROM `gt_research_report` [ RunTime:0.0010s ]
SQL: SELECT t.*,`real_name`,`department` FROM gt_research_report AS t LEFT JOIN gt_admin AS a ON a.admin_id=t.admin_id LEFT JOIN gt_department AS d ON d.dept_id=a.dp_id  WHERE t.status = 1 ORDER BY t.add_time DESC LIMIT 0,3   [ RunTime:0.0010s ]
SQL: SELECT COUNT(*) AS tp_count FROM `gt_message` WHERE `status` = 0 AND `admin_id` = 2 LIMIT 1   [ RunTime:0.0010s ]
INFO: [ view_parse ] --START--
INFO: [ template_filter ] --START--
INFO: Run Behavior\ContentReplaceBehavior [ RunTime:0.000000s ]
INFO: [ template_filter ] --END-- [ RunTime:0.002001s ]
NOTIC: [8] Undefined index: controller F:\Projects\gtbl\Application\Runtime\Cache\Admin\f8413ac095f068a5c58e77008748a4c9.php 第 58 行.
NOTIC: [8] Undefined index: action F:\Projects\gtbl\Application\Runtime\Cache\Admin\f8413ac095f068a5c58e77008748a4c9.php 第 58 行.
INFO: Run Behavior\ParseTemplateBehavior [ RunTime:0.050003s ]
INFO: [ view_parse ] --END-- [ RunTime:0.052003s ]
INFO: [ view_filter ] --START--
INFO: Run Behavior\WriteHtmlCacheBehavior [ RunTime:0.000000s ]
INFO: [ view_filter ] --END-- [ RunTime:0.002000s ]
INFO: [ app_end ] --START--
INFO: Run Behavior\ShowPageTraceBehavior [ RunTime:0.001000s ]
INFO: [ app_end ] --END-- [ RunTime:0.001000s ]

[ 2016-11-11T15:05:36+08:00 ] 127.0.0.1 /Admin/Calendar/myCalendar.html?start=1477843200&end=1481472000&_=1478847935462
INFO: [ app_init ] --START--
INFO: Run Behavior\BuildLiteBehavior [ RunTime:0.000000s ]
INFO: [ app_init ] --END-- [ RunTime:0.002001s ]
INFO: [ app_begin ] --START--
INFO: Run Behavior\ReadHtmlCacheBehavior [ RunTime:0.001000s ]
INFO: [ app_begin ] --END-- [ RunTime:0.002000s ]
SQL: SHOW COLUMNS FROM `gt_calendar` [ RunTime:0.0020s ]
SQL: SELECT * FROM gt_calendar  where admin_id = 2 AND ((start > 1477843200 AND start < 1481472000) or (end > 1477843200))  [ RunTime:0.0020s ]

[ 2016-11-11T15:05:50+08:00 ] 127.0.0.1 /Admin/index/index.html
INFO: [ app_init ] --START--
INFO: Run Behavior\BuildLiteBehavior [ RunTime:0.000000s ]
INFO: [ app_init ] --END-- [ RunTime:0.001000s ]
INFO: [ app_begin ] --START--
INFO: Run Behavior\ReadHtmlCacheBehavior [ RunTime:0.001000s ]
INFO: [ app_begin ] --END-- [ RunTime:0.002000s ]
SQL: SHOW COLUMNS FROM `gt_menu` [ RunTime:0.0020s ]
SQL: SELECT * FROM `gt_menu` WHERE `type` = 1 AND `status` = 1 ORDER BY sort  [ RunTime:0.0020s ]
SQL: SHOW COLUMNS FROM `gt_message` [ RunTime:0.0010s ]
SQL: SELECT COUNT(*) AS tp_count FROM `gt_message` WHERE `status` = 0 AND `admin_id` = 2 LIMIT 1   [ RunTime:0.0010s ]
INFO: [ view_parse ] --START--
INFO: [ template_filter ] --START--
INFO: Run Behavior\ContentReplaceBehavior [ RunTime:0.000000s ]
INFO: [ template_filter ] --END-- [ RunTime:0.002000s ]
INFO: Run Behavior\ParseTemplateBehavior [ RunTime:0.155009s ]
INFO: [ view_parse ] --END-- [ RunTime:0.156009s ]
INFO: [ view_filter ] --START--
INFO: Run Behavior\WriteHtmlCacheBehavior [ RunTime:0.000000s ]
INFO: [ view_filter ] --END-- [ RunTime:0.002000s ]
INFO: [ app_end ] --START--
INFO: Run Behavior\ShowPageTraceBehavior [ RunTime:0.002001s ]
INFO: [ app_end ] --END-- [ RunTime:0.003001s ]

[ 2016-11-11T15:05:51+08:00 ] 127.0.0.1 /Admin/Index/index_layout.html?_=1478847950922
INFO: [ app_init ] --START--
INFO: Run Behavior\BuildLiteBehavior [ RunTime:0.000000s ]
INFO: [ app_init ] --END-- [ RunTime:0.001000s ]
INFO: [ app_begin ] --START--
INFO: Run Behavior\ReadHtmlCacheBehavior [ RunTime:0.001000s ]
INFO: [ app_begin ] --END-- [ RunTime:0.002000s ]
SQL: SHOW COLUMNS FROM `gt_message` [ RunTime:0.0020s ]
SQL: SELECT COUNT(*) AS tp_count FROM `gt_message` WHERE `admin_id` = 2 LIMIT 1   [ RunTime:0.0010s ]
SQL: SELECT * FROM `gt_message` WHERE `admin_id` = 2 ORDER BY status ASC,addtime DESC LIMIT 0,3   [ RunTime:0.0010s ]
SQL: SHOW COLUMNS FROM `gt_backlog` [ RunTime:0.0010s ]
SQL: SELECT COUNT(*) AS tp_count FROM `gt_backlog` WHERE `admin_id` = 2 AND `status` = 0 LIMIT 1   [ RunTime:0.0020s ]
SQL: SELECT * FROM `gt_backlog` WHERE `admin_id` = 2 AND `status` = 0 ORDER BY addtime DESC LIMIT 0,3   [ RunTime:0.0010s ]
SQL: SHOW COLUMNS FROM `gt_announcement` [ RunTime:0.0010s ]
SQL: SHOW COLUMNS FROM `gt_announcement` [ RunTime:0.0010s ]
SQL: SELECT COUNT(*) AS tp_count FROM gt_announcement AS t WHERE t.status = 1 LIMIT 1   [ RunTime:0.0010s ]
SQL: SHOW COLUMNS FROM `gt_announcement` [ RunTime:0.0010s ]
SQL: SELECT t.*,`real_name` FROM gt_announcement AS t LEFT JOIN gt_admin AS a ON a.admin_id=t.admin_id  WHERE t.status = 1 ORDER BY t.addtime ASC LIMIT 0,3   [ RunTime:0.0010s ]
SQL: SHOW COLUMNS FROM `gt_research_report` [ RunTime:0.0010s ]
SQL: SHOW COLUMNS FROM `gt_research_report` [ RunTime:0.0010s ]
SQL: SELECT COUNT(*) AS tp_count FROM gt_research_report AS t LEFT JOIN gt_admin AS a ON a.admin_id=t.admin_id LEFT JOIN gt_department AS d ON d.dept_id=a.dp_id  WHERE t.status = 1 LIMIT 1   [ RunTime:0.0010s ]
SQL: SHOW COLUMNS FROM `gt_research_report` [ RunTime:0.0010s ]
SQL: SELECT t.*,`real_name`,`department` FROM gt_research_report AS t LEFT JOIN gt_admin AS a ON a.admin_id=t.admin_id LEFT JOIN gt_department AS d ON d.dept_id=a.dp_id  WHERE t.status = 1 ORDER BY t.add_time DESC LIMIT 0,3   [ RunTime:0.0010s ]
SQL: SELECT COUNT(*) AS tp_count FROM `gt_message` WHERE `status` = 0 AND `admin_id` = 2 LIMIT 1   [ RunTime:0.0010s ]
INFO: [ view_parse ] --START--
INFO: [ template_filter ] --START--
INFO: Run Behavior\ContentReplaceBehavior [ RunTime:0.001000s ]
INFO: [ template_filter ] --END-- [ RunTime:0.001000s ]
NOTIC: [8] Undefined index: controller F:\Projects\gtbl\Application\Runtime\Cache\Admin\f8413ac095f068a5c58e77008748a4c9.php 第 58 行.
NOTIC: [8] Undefined index: action F:\Projects\gtbl\Application\Runtime\Cache\Admin\f8413ac095f068a5c58e77008748a4c9.php 第 58 行.
INFO: Run Behavior\ParseTemplateBehavior [ RunTime:0.034002s ]
INFO: [ view_parse ] --END-- [ RunTime:0.035002s ]
INFO: [ view_filter ] --START--
INFO: Run Behavior\WriteHtmlCacheBehavior [ RunTime:0.001000s ]
INFO: [ view_filter ] --END-- [ RunTime:0.002000s ]
INFO: [ app_end ] --START--
INFO: Run Behavior\ShowPageTraceBehavior [ RunTime:0.001000s ]
INFO: [ app_end ] --END-- [ RunTime:0.002000s ]

[ 2016-11-11T15:05:51+08:00 ] 127.0.0.1 /Admin/Calendar/myCalendar.html?start=1477843200&end=1481472000&_=1478847950923
INFO: [ app_init ] --START--
INFO: Run Behavior\BuildLiteBehavior [ RunTime:0.000000s ]
INFO: [ app_init ] --END-- [ RunTime:0.001000s ]
INFO: [ app_begin ] --START--
INFO: Run Behavior\ReadHtmlCacheBehavior [ RunTime:0.001000s ]
INFO: [ app_begin ] --END-- [ RunTime:0.001000s ]
SQL: SHOW COLUMNS FROM `gt_calendar` [ RunTime:0.0010s ]
SQL: SELECT * FROM gt_calendar  where admin_id = 2 AND ((start > 1477843200 AND start < 1481472000) or (end > 1477843200))  [ RunTime:0.0010s ]

[ 2016-11-11T15:06:11+08:00 ] 127.0.0.1 /Admin/Message/getNewMessage.html
INFO: [ app_init ] --START--
INFO: Run Behavior\BuildLiteBehavior [ RunTime:0.000000s ]
INFO: [ app_init ] --END-- [ RunTime:0.002001s ]
INFO: [ app_begin ] --START--
INFO: Run Behavior\ReadHtmlCacheBehavior [ RunTime:0.001000s ]
INFO: [ app_begin ] --END-- [ RunTime:0.002000s ]
SQL: SHOW COLUMNS FROM `gt_message` [ RunTime:0.0020s ]
SQL: SELECT COUNT(*) AS tp_count FROM `gt_message` WHERE `status` = 0 AND `admin_id` = 2 LIMIT 1   [ RunTime:0.0010s ]

[ 2016-11-11T15:06:31+08:00 ] 127.0.0.1 /Admin/Message/getNewMessage.html
INFO: [ app_init ] --START--
INFO: Run Behavior\BuildLiteBehavior [ RunTime:0.000000s ]
INFO: [ app_init ] --END-- [ RunTime:0.001000s ]
INFO: [ app_begin ] --START--
INFO: Run Behavior\ReadHtmlCacheBehavior [ RunTime:0.001000s ]
INFO: [ app_begin ] --END-- [ RunTime:0.003000s ]
SQL: SHOW COLUMNS FROM `gt_message` [ RunTime:0.0000s ]
SQL: SELECT COUNT(*) AS tp_count FROM `gt_message` WHERE `status` = 0 AND `admin_id` = 2 LIMIT 1   [ RunTime:0.0000s ]

[ 2016-11-11T15:09:24+08:00 ] 127.0.0.1 /Admin/index/login.html
INFO: [ app_init ] --START--
INFO: Run Behavior\BuildLiteBehavior [ RunTime:0.000000s ]
INFO: [ app_init ] --END-- [ RunTime:0.001000s ]
INFO: [ app_begin ] --START--
INFO: Run Behavior\ReadHtmlCacheBehavior [ RunTime:0.001000s ]
INFO: [ app_begin ] --END-- [ RunTime:0.002000s ]

[ 2016-11-11T15:09:24+08:00 ] 127.0.0.1 /Admin/Index/index.html
INFO: [ app_init ] --START--
INFO: Run Behavior\BuildLiteBehavior [ RunTime:0.000000s ]
INFO: [ app_init ] --END-- [ RunTime:0.001000s ]
INFO: [ app_begin ] --START--
INFO: Run Behavior\ReadHtmlCacheBehavior [ RunTime:0.001000s ]
INFO: [ app_begin ] --END-- [ RunTime:0.002000s ]
SQL: SHOW COLUMNS FROM `gt_menu` [ RunTime:0.0010s ]
SQL: SELECT * FROM `gt_menu` WHERE `type` = 1 AND `status` = 1 ORDER BY sort  [ RunTime:0.0020s ]
SQL: SHOW COLUMNS FROM `gt_message` [ RunTime:0.0010s ]
SQL: SELECT COUNT(*) AS tp_count FROM `gt_message` WHERE `status` = 0 AND `admin_id` = 2 LIMIT 1   [ RunTime:0.0010s ]
INFO: [ view_parse ] --START--
INFO: [ template_filter ] --START--
INFO: Run Behavior\ContentReplaceBehavior [ RunTime:0.000000s ]
INFO: [ template_filter ] --END-- [ RunTime:0.002000s ]
INFO: Run Behavior\ParseTemplateBehavior [ RunTime:0.150009s ]
INFO: [ view_parse ] --END-- [ RunTime:0.152009s ]
INFO: [ view_filter ] --START--
INFO: Run Behavior\WriteHtmlCacheBehavior [ RunTime:0.001000s ]
INFO: [ view_filter ] --END-- [ RunTime:0.001000s ]
INFO: [ app_end ] --START--
INFO: Run Behavior\ShowPageTraceBehavior [ RunTime:0.001000s ]
INFO: [ app_end ] --END-- [ RunTime:0.002000s ]

[ 2016-11-11T15:09:25+08:00 ] 127.0.0.1 /Admin/Index/index_layout.html?_=1478848164836
INFO: [ app_init ] --START--
INFO: Run Behavior\BuildLiteBehavior [ RunTime:0.000000s ]
INFO: [ app_init ] --END-- [ RunTime:0.002000s ]
INFO: [ app_begin ] --START--
INFO: Run Behavior\ReadHtmlCacheBehavior [ RunTime:0.001000s ]
INFO: [ app_begin ] --END-- [ RunTime:0.002000s ]
SQL: SHOW COLUMNS FROM `gt_message` [ RunTime:0.0010s ]
SQL: SELECT COUNT(*) AS tp_count FROM `gt_message` WHERE `admin_id` = 2 LIMIT 1   [ RunTime:0.0010s ]
SQL: SELECT * FROM `gt_message` WHERE `admin_id` = 2 ORDER BY status ASC,addtime DESC LIMIT 0,3   [ RunTime:0.0010s ]
SQL: SHOW COLUMNS FROM `gt_backlog` [ RunTime:0.0010s ]
SQL: SELECT COUNT(*) AS tp_count FROM `gt_backlog` WHERE `admin_id` = 2 AND `status` = 0 LIMIT 1   [ RunTime:0.0010s ]
SQL: SELECT * FROM `gt_backlog` WHERE `admin_id` = 2 AND `status` = 0 ORDER BY addtime DESC LIMIT 0,3   [ RunTime:0.0010s ]
SQL: SHOW COLUMNS FROM `gt_announcement` [ RunTime:0.0010s ]
SQL: SHOW COLUMNS FROM `gt_announcement` [ RunTime:0.0010s ]
SQL: SELECT COUNT(*) AS tp_count FROM gt_announcement AS t WHERE t.status = 1 LIMIT 1   [ RunTime:0.0020s ]
SQL: SHOW COLUMNS FROM `gt_announcement` [ RunTime:0.0010s ]
SQL: SELECT t.*,`real_name` FROM gt_announcement AS t LEFT JOIN gt_admin AS a ON a.admin_id=t.admin_id  WHERE t.status = 1 ORDER BY t.addtime ASC LIMIT 0,3   [ RunTime:0.0020s ]
SQL: SHOW COLUMNS FROM `gt_research_report` [ RunTime:0.0010s ]
SQL: SHOW COLUMNS FROM `gt_research_report` [ RunTime:0.0020s ]
SQL: SELECT COUNT(*) AS tp_count FROM gt_research_report AS t LEFT JOIN gt_admin AS a ON a.admin_id=t.admin_id LEFT JOIN gt_department AS d ON d.dept_id=a.dp_id  WHERE t.status = 1 LIMIT 1   [ RunTime:0.0010s ]
SQL: SHOW COLUMNS FROM `gt_research_report` [ RunTime:0.0010s ]
SQL: SELECT t.*,`real_name`,`department` FROM gt_research_report AS t LEFT JOIN gt_admin AS a ON a.admin_id=t.admin_id LEFT JOIN gt_department AS d ON d.dept_id=a.dp_id  WHERE t.status = 1 ORDER BY t.add_time DESC LIMIT 0,3   [ RunTime:0.0010s ]
SQL: SELECT COUNT(*) AS tp_count FROM `gt_message` WHERE `status` = 0 AND `admin_id` = 2 LIMIT 1   [ RunTime:0.0010s ]
INFO: [ view_parse ] --START--
INFO: [ template_filter ] --START--
INFO: Run Behavior\ContentReplaceBehavior [ RunTime:0.001000s ]
INFO: [ template_filter ] --END-- [ RunTime:0.002000s ]
NOTIC: [8] Undefined index: controller F:\Projects\gtbl\Application\Runtime\Cache\Admin\f8413ac095f068a5c58e77008748a4c9.php 第 58 行.
NOTIC: [8] Undefined index: action F:\Projects\gtbl\Application\Runtime\Cache\Admin\f8413ac095f068a5c58e77008748a4c9.php 第 58 行.
INFO: Run Behavior\ParseTemplateBehavior [ RunTime:0.035002s ]
INFO: [ view_parse ] --END-- [ RunTime:0.035002s ]
INFO: [ view_filter ] --START--
INFO: Run Behavior\WriteHtmlCacheBehavior [ RunTime:0.001001s ]
INFO: [ view_filter ] --END-- [ RunTime:0.001001s ]
INFO: [ app_end ] --START--
INFO: Run Behavior\ShowPageTraceBehavior [ RunTime:0.001000s ]
INFO: [ app_end ] --END-- [ RunTime:0.002000s ]

[ 2016-11-11T15:09:25+08:00 ] 127.0.0.1 /Admin/Calendar/myCalendar.html?start=1477843200&end=1481472000&_=1478848164837
INFO: [ app_init ] --START--
INFO: Run Behavior\BuildLiteBehavior [ RunTime:0.000000s ]
INFO: [ app_init ] --END-- [ RunTime:0.001000s ]
INFO: [ app_begin ] --START--
INFO: Run Behavior\ReadHtmlCacheBehavior [ RunTime:0.000000s ]
INFO: [ app_begin ] --END-- [ RunTime:0.002000s ]
SQL: SHOW COLUMNS FROM `gt_calendar` [ RunTime:0.0020s ]
SQL: SELECT * FROM gt_calendar  where admin_id = 2 AND ((start > 1477843200 AND start < 1481472000) or (end > 1477843200))  [ RunTime:0.0010s ]

[ 2016-11-11T15:09:45+08:00 ] 127.0.0.1 /Admin/Message/getNewMessage.html
INFO: [ app_init ] --START--
INFO: Run Behavior\BuildLiteBehavior [ RunTime:0.000000s ]
INFO: [ app_init ] --END-- [ RunTime:0.015600s ]
INFO: [ app_begin ] --START--
INFO: Run Behavior\ReadHtmlCacheBehavior [ RunTime:0.015600s ]
INFO: [ app_begin ] --END-- [ RunTime:0.015600s ]
SQL: SHOW COLUMNS FROM `gt_message` [ RunTime:0.0000s ]
SQL: SELECT COUNT(*) AS tp_count FROM `gt_message` WHERE `status` = 0 AND `admin_id` = 2 LIMIT 1   [ RunTime:0.0000s ]

[ 2016-11-11T15:10:05+08:00 ] 127.0.0.1 /Admin/Message/getNewMessage.html
INFO: [ app_init ] --START--
INFO: Run Behavior\BuildLiteBehavior [ RunTime:0.000000s ]
INFO: [ app_init ] --END-- [ RunTime:0.001000s ]
INFO: [ app_begin ] --START--
INFO: Run Behavior\ReadHtmlCacheBehavior [ RunTime:0.000000s ]
INFO: [ app_begin ] --END-- [ RunTime:0.000000s ]
SQL: SHOW COLUMNS FROM `gt_message` [ RunTime:0.0000s ]
SQL: SELECT COUNT(*) AS tp_count FROM `gt_message` WHERE `status` = 0 AND `admin_id` = 2 LIMIT 1   [ RunTime:0.0000s ]

[ 2016-11-11T15:10:25+08:00 ] 127.0.0.1 /Admin/Message/getNewMessage.html
INFO: [ app_init ] --START--
INFO: Run Behavior\BuildLiteBehavior [ RunTime:0.000000s ]
INFO: [ app_init ] --END-- [ RunTime:0.015600s ]
INFO: [ app_begin ] --START--
INFO: Run Behavior\ReadHtmlCacheBehavior [ RunTime:0.000000s ]
INFO: [ app_begin ] --END-- [ RunTime:0.000000s ]
SQL: SHOW COLUMNS FROM `gt_message` [ RunTime:0.0000s ]
SQL: SELECT COUNT(*) AS tp_count FROM `gt_message` WHERE `status` = 0 AND `admin_id` = 2 LIMIT 1   [ RunTime:0.0000s ]

[ 2016-11-11T15:18:08+08:00 ] 127.0.0.1 /
INFO: [ app_init ] --START--
INFO: Run Behavior\BuildLiteBehavior [ RunTime:0.001000s ]
INFO: [ app_init ] --END-- [ RunTime:0.001000s ]
INFO: [ app_begin ] --START--
INFO: Run Behavior\ReadHtmlCacheBehavior [ RunTime:0.001000s ]
INFO: [ app_begin ] --END-- [ RunTime:0.002000s ]

[ 2016-11-11T15:18:08+08:00 ] 127.0.0.1 /Admin/index/login.html
INFO: [ app_init ] --START--
INFO: Run Behavior\BuildLiteBehavior [ RunTime:0.001000s ]
INFO: [ app_init ] --END-- [ RunTime:0.001000s ]
INFO: [ app_begin ] --START--
INFO: Run Behavior\ReadHtmlCacheBehavior [ RunTime:0.001000s ]
INFO: [ app_begin ] --END-- [ RunTime:0.002000s ]
INFO: [ view_parse ] --START--
INFO: [ template_filter ] --START--
INFO: Run Behavior\ContentReplaceBehavior [ RunTime:0.001000s ]
INFO: [ template_filter ] --END-- [ RunTime:0.001000s ]
INFO: Run Behavior\ParseTemplateBehavior [ RunTime:0.020002s ]
INFO: [ view_parse ] --END-- [ RunTime:0.021002s ]
INFO: [ view_filter ] --START--
INFO: Run Behavior\WriteHtmlCacheBehavior [ RunTime:0.001000s ]
INFO: [ view_filter ] --END-- [ RunTime:0.002000s ]
INFO: [ app_end ] --START--
INFO: Run Behavior\ShowPageTraceBehavior [ RunTime:0.021001s ]
INFO: [ app_end ] --END-- [ RunTime:0.023001s ]

[ 2016-11-11T15:18:08+08:00 ] 127.0.0.1 /Admin/index/makecode/nchash/28041d11.html
INFO: [ app_init ] --START--
INFO: Run Behavior\BuildLiteBehavior [ RunTime:0.000000s ]
INFO: [ app_init ] --END-- [ RunTime:0.001000s ]
INFO: [ app_begin ] --START--
INFO: Run Behavior\ReadHtmlCacheBehavior [ RunTime:0.001000s ]
INFO: [ app_begin ] --END-- [ RunTime:0.001000s ]
NOTIC: [2] Cannot use a scalar value as an array F:\Projects\gtbl\ThinkPHP\Library\Think\Verify.class.php 第 176 行.
NOTIC: [2] Cannot use a scalar value as an array F:\Projects\gtbl\ThinkPHP\Library\Think\Verify.class.php 第 176 行.
NOTIC: [2] Cannot use a scalar value as an array F:\Projects\gtbl\ThinkPHP\Library\Think\Verify.class.php 第 176 行.
NOTIC: [2] Cannot use a scalar value as an array F:\Projects\gtbl\ThinkPHP\Library\Think\Verify.class.php 第 176 行.
INFO: [ app_end ] --START--
INFO: Run Behavior\ShowPageTraceBehavior [ RunTime:0.003000s ]
INFO: [ app_end ] --END-- [ RunTime:0.005000s ]

[ 2016-11-11T15:18:20+08:00 ] 127.0.0.1 /Admin/index/login.html
INFO: [ app_init ] --START--
INFO: Run Behavior\BuildLiteBehavior [ RunTime:0.000000s ]
INFO: [ app_init ] --END-- [ RunTime:0.001000s ]
INFO: [ app_begin ] --START--
INFO: Run Behavior\ReadHtmlCacheBehavior [ RunTime:0.001001s ]
INFO: [ app_begin ] --END-- [ RunTime:0.002001s ]
INFO: [ view_parse ] --START--
INFO: [ template_filter ] --START--
INFO: Run Behavior\ContentReplaceBehavior [ RunTime:0.000000s ]
INFO: [ template_filter ] --END-- [ RunTime:0.002000s ]
INFO: Run Behavior\ParseTemplateBehavior [ RunTime:0.020001s ]
INFO: [ view_parse ] --END-- [ RunTime:0.021001s ]
INFO: [ view_filter ] --START--
INFO: Run Behavior\WriteHtmlCacheBehavior [ RunTime:0.000000s ]
INFO: [ view_filter ] --END-- [ RunTime:0.002000s ]
INFO: [ app_end ] --START--
INFO: Run Behavior\ShowPageTraceBehavior [ RunTime:0.001000s ]
INFO: [ app_end ] --END-- [ RunTime:0.003001s ]

[ 2016-11-11T15:18:21+08:00 ] 127.0.0.1 /Admin/index/makecode/nchash/28041d11.html
INFO: [ app_init ] --START--
INFO: Run Behavior\BuildLiteBehavior [ RunTime:0.001001s ]
INFO: [ app_init ] --END-- [ RunTime:0.001001s ]
INFO: [ app_begin ] --START--
INFO: Run Behavior\ReadHtmlCacheBehavior [ RunTime:0.001000s ]
INFO: [ app_begin ] --END-- [ RunTime:0.003000s ]
NOTIC: [8] Undefined offset: 0 F:\Projects\gtbl\ThinkPHP\Library\Think\Verify.class.php 第 168 行.
NOTIC: [2] Cannot use a scalar value as an array F:\Projects\gtbl\ThinkPHP\Library\Think\Verify.class.php 第 176 行.
NOTIC: [2] Cannot use a scalar value as an array F:\Projects\gtbl\ThinkPHP\Library\Think\Verify.class.php 第 176 行.
NOTIC: [2] Cannot use a scalar value as an array F:\Projects\gtbl\ThinkPHP\Library\Think\Verify.class.php 第 176 行.
NOTIC: [2] Cannot use a scalar value as an array F:\Projects\gtbl\ThinkPHP\Library\Think\Verify.class.php 第 176 行.
INFO: [ app_end ] --START--
INFO: Run Behavior\ShowPageTraceBehavior [ RunTime:0.001000s ]
INFO: [ app_end ] --END-- [ RunTime:0.002001s ]

