[ 2016-11-18T18:32:44+08:00 ] 127.0.0.1 /Admin/Message/getNewMessage.html
INFO: [ app_init ] --START--
INFO: Run Behavior\BuildLiteBehavior [ RunTime:0.000000s ]
INFO: [ app_init ] --END-- [ RunTime:0.001000s ]
INFO: [ app_begin ] --START--
INFO: Run Behavior\ReadHtmlCacheBehavior [ RunTime:0.001000s ]
INFO: [ app_begin ] --END-- [ RunTime:0.002000s ]
SQL: SHOW COLUMNS FROM `gt_message` [ RunTime:0.0010s ]
SQL: SELECT COUNT(*) AS tp_count FROM `gt_message` WHERE `status` = 0 AND `admin_id` = 2 LIMIT 1   [ RunTime:0.0010s ]

[ 2016-11-18T18:32:45+08:00 ] 127.0.0.1 /Admin/Message/getNewMessage.html
INFO: [ app_init ] --START--
INFO: Run Behavior\BuildLiteBehavior [ RunTime:0.000000s ]
INFO: [ app_init ] --END-- [ RunTime:0.001000s ]
INFO: [ app_begin ] --START--
INFO: Run Behavior\ReadHtmlCacheBehavior [ RunTime:0.001000s ]
INFO: [ app_begin ] --END-- [ RunTime:0.001000s ]
SQL: SHOW COLUMNS FROM `gt_message` [ RunTime:0.0010s ]
SQL: SELECT COUNT(*) AS tp_count FROM `gt_message` WHERE `status` = 0 AND `admin_id` = 2 LIMIT 1   [ RunTime:0.0010s ]

[ 2016-11-18T18:32:45+08:00 ] 127.0.0.1 /Admin/Message/getNewMessage.html
INFO: [ app_init ] --START--
INFO: Run Behavior\BuildLiteBehavior [ RunTime:0.000000s ]
INFO: [ app_init ] --END-- [ RunTime:0.001000s ]
INFO: [ app_begin ] --START--
INFO: Run Behavior\ReadHtmlCacheBehavior [ RunTime:0.001000s ]
INFO: [ app_begin ] --END-- [ RunTime:0.001000s ]
SQL: SHOW COLUMNS FROM `gt_message` [ RunTime:0.0010s ]
SQL: SELECT COUNT(*) AS tp_count FROM `gt_message` WHERE `status` = 0 AND `admin_id` = 2 LIMIT 1   [ RunTime:0.0010s ]

[ 2016-11-18T18:32:45+08:00 ] 127.0.0.1 /Admin/Message/getNewMessage.html
INFO: [ app_init ] --START--
INFO: Run Behavior\BuildLiteBehavior [ RunTime:0.000000s ]
INFO: [ app_init ] --END-- [ RunTime:0.001000s ]
INFO: [ app_begin ] --START--
INFO: Run Behavior\ReadHtmlCacheBehavior [ RunTime:0.001000s ]
INFO: [ app_begin ] --END-- [ RunTime:0.001000s ]
SQL: SHOW COLUMNS FROM `gt_message` [ RunTime:0.0010s ]
SQL: SELECT COUNT(*) AS tp_count FROM `gt_message` WHERE `status` = 0 AND `admin_id` = 2 LIMIT 1   [ RunTime:0.0010s ]

[ 2016-11-18T18:32:45+08:00 ] 127.0.0.1 /Admin/Message/getNewMessage.html
INFO: [ app_init ] --START--
INFO: Run Behavior\BuildLiteBehavior [ RunTime:0.000000s ]
INFO: [ app_init ] --END-- [ RunTime:0.001000s ]
INFO: [ app_begin ] --START--
INFO: Run Behavior\ReadHtmlCacheBehavior [ RunTime:0.000000s ]
INFO: [ app_begin ] --END-- [ RunTime:0.002000s ]
SQL: SHOW COLUMNS FROM `gt_message` [ RunTime:0.0010s ]
SQL: SELECT COUNT(*) AS tp_count FROM `gt_message` WHERE `status` = 0 AND `admin_id` = 2 LIMIT 1   [ RunTime:0.0010s ]

[ 2016-11-18T18:32:45+08:00 ] 127.0.0.1 /Admin/Message/getNewMessage.html
INFO: [ app_init ] --START--
INFO: Run Behavior\BuildLiteBehavior [ RunTime:0.000000s ]
INFO: [ app_init ] --END-- [ RunTime:0.001000s ]
INFO: [ app_begin ] --START--
INFO: Run Behavior\ReadHtmlCacheBehavior [ RunTime:0.001000s ]
INFO: [ app_begin ] --END-- [ RunTime:0.002000s ]
SQL: SHOW COLUMNS FROM `gt_message` [ RunTime:0.0020s ]
SQL: SELECT COUNT(*) AS tp_count FROM `gt_message` WHERE `status` = 0 AND `admin_id` = 2 LIMIT 1   [ RunTime:0.0010s ]

[ 2016-11-18T18:32:45+08:00 ] 127.0.0.1 /Admin/Message/getNewMessage.html
INFO: [ app_init ] --START--
INFO: Run Behavior\BuildLiteBehavior [ RunTime:0.000000s ]
INFO: [ app_init ] --END-- [ RunTime:0.001000s ]
INFO: [ app_begin ] --START--
INFO: Run Behavior\ReadHtmlCacheBehavior [ RunTime:0.001000s ]
INFO: [ app_begin ] --END-- [ RunTime:0.002000s ]
SQL: SHOW COLUMNS FROM `gt_message` [ RunTime:0.0010s ]
SQL: SELECT COUNT(*) AS tp_count FROM `gt_message` WHERE `status` = 0 AND `admin_id` = 2 LIMIT 1   [ RunTime:0.0020s ]

[ 2016-11-18T18:32:45+08:00 ] 127.0.0.1 /Admin/Message/getNewMessage.html
INFO: [ app_init ] --START--
INFO: Run Behavior\BuildLiteBehavior [ RunTime:0.000000s ]
INFO: [ app_init ] --END-- [ RunTime:0.001000s ]
INFO: [ app_begin ] --START--
INFO: Run Behavior\ReadHtmlCacheBehavior [ RunTime:0.001000s ]
INFO: [ app_begin ] --END-- [ RunTime:0.001000s ]
SQL: SHOW COLUMNS FROM `gt_message` [ RunTime:0.0010s ]
SQL: SELECT COUNT(*) AS tp_count FROM `gt_message` WHERE `status` = 0 AND `admin_id` = 2 LIMIT 1   [ RunTime:0.0010s ]

[ 2016-11-18T18:32:45+08:00 ] 127.0.0.1 /Admin/Message/getNewMessage.html
INFO: [ app_init ] --START--
INFO: Run Behavior\BuildLiteBehavior [ RunTime:0.000000s ]
INFO: [ app_init ] --END-- [ RunTime:0.000000s ]
INFO: [ app_begin ] --START--
INFO: Run Behavior\ReadHtmlCacheBehavior [ RunTime:0.000000s ]
INFO: [ app_begin ] --END-- [ RunTime:0.001000s ]
SQL: SHOW COLUMNS FROM `gt_message` [ RunTime:0.0010s ]
SQL: SELECT COUNT(*) AS tp_count FROM `gt_message` WHERE `status` = 0 AND `admin_id` = 2 LIMIT 1   [ RunTime:0.0010s ]

[ 2016-11-18T18:32:46+08:00 ] 127.0.0.1 /Admin/Message/getNewMessage.html
INFO: [ app_init ] --START--
INFO: Run Behavior\BuildLiteBehavior [ RunTime:0.000000s ]
INFO: [ app_init ] --END-- [ RunTime:0.001000s ]
INFO: [ app_begin ] --START--
INFO: Run Behavior\ReadHtmlCacheBehavior [ RunTime:0.001000s ]
INFO: [ app_begin ] --END-- [ RunTime:0.001000s ]
SQL: SHOW COLUMNS FROM `gt_message` [ RunTime:0.0010s ]
SQL: SELECT COUNT(*) AS tp_count FROM `gt_message` WHERE `status` = 0 AND `admin_id` = 2 LIMIT 1   [ RunTime:0.0010s ]

[ 2016-11-18T18:32:50+08:00 ] 127.0.0.1 /Admin/FundManage/index.html
INFO: [ app_init ] --START--
INFO: Run Behavior\BuildLiteBehavior [ RunTime:0.000000s ]
INFO: [ app_init ] --END-- [ RunTime:0.001000s ]
INFO: [ app_begin ] --START--
INFO: Run Behavior\ReadHtmlCacheBehavior [ RunTime:0.000000s ]
INFO: [ app_begin ] --END-- [ RunTime:0.001000s ]
SQL: SHOW COLUMNS FROM `gt_repayment_schedule` [ RunTime:0.0010s ]
SQL: SHOW COLUMNS FROM `gt_fund_order` [ RunTime:0.0020s ]
SQL: SHOW COLUMNS FROM `gt_role` [ RunTime:0.0010s ]
SQL: SELECT `role_des` FROM `gt_role` WHERE ( `role_id`=1 ) LIMIT 1   [ RunTime:0.0010s ]
NOTIC: [8] Undefined variable: map F:\Projects\gtbl\Application\Admin\Controller\FundManageController.class.php 第 66 行.
SQL: SHOW COLUMNS FROM `gt_fund_order` [ RunTime:0.0020s ]
SQL: SELECT COUNT(*) AS tp_count FROM gt_fund_order AS t LEFT JOIN gt_fund_manager AS fm ON fm.fmanager_id=t.fmanager_id LEFT JOIN gt_fund_branch AS fb ON fb.branch_id=fm.branch_id LEFT JOIN gt_fund_branch AS fbb ON fbb.branch_id=fm.branch_ch_id  LIMIT 1   [ RunTime:0.0010s ]
SQL: SHOW COLUMNS FROM `gt_fund_order` [ RunTime:0.0010s ]
SQL: SELECT t.*,`real_name`,fb.branch_name as branch_name,fbb.branch_name as branch_ch_name FROM gt_fund_order AS t LEFT JOIN gt_fund_manager AS fm ON fm.fmanager_id=t.fmanager_id LEFT JOIN gt_fund_branch AS fb ON fb.branch_id=fm.branch_id LEFT JOIN gt_fund_branch AS fbb ON fbb.branch_id=fm.branch_ch_id  ORDER BY pay_time asc LIMIT 0,30   [ RunTime:0.0030s ]
SQL: SHOW COLUMNS FROM `gt_fund_branch` [ RunTime:0.0010s ]
SQL: SELECT * FROM `gt_fund_branch` WHERE ( pid=1 )  [ RunTime:0.0010s ]
INFO: [ view_parse ] --START--
INFO: [ template_filter ] --START--
INFO: Run Behavior\ContentReplaceBehavior [ RunTime:0.001000s ]
INFO: [ template_filter ] --END-- [ RunTime:0.001000s ]
NOTIC: [8] Undefined index: pro_title F:\Projects\gtbl\Application\Runtime\Cache\Admin\b6edfb39f0b02acfade78fcb5ab19012.php 第 17 行.
NOTIC: [8] Undefined index: begin_time F:\Projects\gtbl\Application\Runtime\Cache\Admin\b6edfb39f0b02acfade78fcb5ab19012.php 第 30 行.
NOTIC: [8] Undefined index: end_time F:\Projects\gtbl\Application\Runtime\Cache\Admin\b6edfb39f0b02acfade78fcb5ab19012.php 第 32 行.
NOTIC: [8] Undefined index: remark F:\Projects\gtbl\Application\Runtime\Cache\Admin\b6edfb39f0b02acfade78fcb5ab19012.php 第 122 行.
NOTIC: [8] Undefined index: fund_id F:\Projects\gtbl\Application\Runtime\Cache\Admin\b6edfb39f0b02acfade78fcb5ab19012.php 第 132 行.
NOTIC: [8] Undefined index: remark F:\Projects\gtbl\Application\Runtime\Cache\Admin\b6edfb39f0b02acfade78fcb5ab19012.php 第 122 行.
NOTIC: [8] Undefined index: fund_id F:\Projects\gtbl\Application\Runtime\Cache\Admin\b6edfb39f0b02acfade78fcb5ab19012.php 第 132 行.
NOTIC: [8] Undefined index: remark F:\Projects\gtbl\Application\Runtime\Cache\Admin\b6edfb39f0b02acfade78fcb5ab19012.php 第 122 行.
NOTIC: [8] Undefined index: fund_id F:\Projects\gtbl\Application\Runtime\Cache\Admin\b6edfb39f0b02acfade78fcb5ab19012.php 第 132 行.
NOTIC: [8] Undefined index: remark F:\Projects\gtbl\Application\Runtime\Cache\Admin\b6edfb39f0b02acfade78fcb5ab19012.php 第 122 行.
NOTIC: [8] Undefined index: fund_id F:\Projects\gtbl\Application\Runtime\Cache\Admin\b6edfb39f0b02acfade78fcb5ab19012.php 第 132 行.
NOTIC: [8] Undefined index: remark F:\Projects\gtbl\Application\Runtime\Cache\Admin\b6edfb39f0b02acfade78fcb5ab19012.php 第 122 行.
NOTIC: [8] Undefined index: fund_id F:\Projects\gtbl\Application\Runtime\Cache\Admin\b6edfb39f0b02acfade78fcb5ab19012.php 第 132 行.
NOTIC: [8] Undefined index: remark F:\Projects\gtbl\Application\Runtime\Cache\Admin\b6edfb39f0b02acfade78fcb5ab19012.php 第 122 行.
NOTIC: [8] Undefined index: fund_id F:\Projects\gtbl\Application\Runtime\Cache\Admin\b6edfb39f0b02acfade78fcb5ab19012.php 第 132 行.
NOTIC: [8] Undefined index: remark F:\Projects\gtbl\Application\Runtime\Cache\Admin\b6edfb39f0b02acfade78fcb5ab19012.php 第 122 行.
NOTIC: [8] Undefined index: fund_id F:\Projects\gtbl\Application\Runtime\Cache\Admin\b6edfb39f0b02acfade78fcb5ab19012.php 第 132 行.
NOTIC: [8] Undefined index: remark F:\Projects\gtbl\Application\Runtime\Cache\Admin\b6edfb39f0b02acfade78fcb5ab19012.php 第 122 行.
NOTIC: [8] Undefined index: fund_id F:\Projects\gtbl\Application\Runtime\Cache\Admin\b6edfb39f0b02acfade78fcb5ab19012.php 第 132 行.
NOTIC: [8] Undefined index: remark F:\Projects\gtbl\Application\Runtime\Cache\Admin\b6edfb39f0b02acfade78fcb5ab19012.php 第 122 行.
NOTIC: [8] Undefined index: fund_id F:\Projects\gtbl\Application\Runtime\Cache\Admin\b6edfb39f0b02acfade78fcb5ab19012.php 第 132 行.
NOTIC: [8] Undefined index: remark F:\Projects\gtbl\Application\Runtime\Cache\Admin\b6edfb39f0b02acfade78fcb5ab19012.php 第 122 行.
NOTIC: [8] Undefined index: fund_id F:\Projects\gtbl\Application\Runtime\Cache\Admin\b6edfb39f0b02acfade78fcb5ab19012.php 第 132 行.
NOTIC: [8] Undefined index: remark F:\Projects\gtbl\Application\Runtime\Cache\Admin\b6edfb39f0b02acfade78fcb5ab19012.php 第 122 行.
NOTIC: [8] Undefined index: fund_id F:\Projects\gtbl\Application\Runtime\Cache\Admin\b6edfb39f0b02acfade78fcb5ab19012.php 第 132 行.
NOTIC: [8] Undefined index: remark F:\Projects\gtbl\Application\Runtime\Cache\Admin\b6edfb39f0b02acfade78fcb5ab19012.php 第 122 行.
NOTIC: [8] Undefined index: fund_id F:\Projects\gtbl\Application\Runtime\Cache\Admin\b6edfb39f0b02acfade78fcb5ab19012.php 第 132 行.
NOTIC: [8] Undefined index: remark F:\Projects\gtbl\Application\Runtime\Cache\Admin\b6edfb39f0b02acfade78fcb5ab19012.php 第 122 行.
NOTIC: [8] Undefined index: fund_id F:\Projects\gtbl\Application\Runtime\Cache\Admin\b6edfb39f0b02acfade78fcb5ab19012.php 第 132 行.
NOTIC: [8] Undefined index: remark F:\Projects\gtbl\Application\Runtime\Cache\Admin\b6edfb39f0b02acfade78fcb5ab19012.php 第 122 行.
NOTIC: [8] Undefined index: fund_id F:\Projects\gtbl\Application\Runtime\Cache\Admin\b6edfb39f0b02acfade78fcb5ab19012.php 第 132 行.
NOTIC: [8] Undefined index: remark F:\Projects\gtbl\Application\Runtime\Cache\Admin\b6edfb39f0b02acfade78fcb5ab19012.php 第 122 行.
NOTIC: [8] Undefined index: fund_id F:\Projects\gtbl\Application\Runtime\Cache\Admin\b6edfb39f0b02acfade78fcb5ab19012.php 第 132 行.
NOTIC: [8] Undefined index: remark F:\Projects\gtbl\Application\Runtime\Cache\Admin\b6edfb39f0b02acfade78fcb5ab19012.php 第 122 行.
NOTIC: [8] Undefined index: fund_id F:\Projects\gtbl\Application\Runtime\Cache\Admin\b6edfb39f0b02acfade78fcb5ab19012.php 第 132 行.
NOTIC: [8] Undefined index: remark F:\Projects\gtbl\Application\Runtime\Cache\Admin\b6edfb39f0b02acfade78fcb5ab19012.php 第 122 行.
NOTIC: [8] Undefined index: fund_id F:\Projects\gtbl\Application\Runtime\Cache\Admin\b6edfb39f0b02acfade78fcb5ab19012.php 第 132 行.
NOTIC: [8] Undefined index: remark F:\Projects\gtbl\Application\Runtime\Cache\Admin\b6edfb39f0b02acfade78fcb5ab19012.php 第 122 行.
NOTIC: [8] Undefined index: fund_id F:\Projects\gtbl\Application\Runtime\Cache\Admin\b6edfb39f0b02acfade78fcb5ab19012.php 第 132 行.
NOTIC: [8] Undefined index: remark F:\Projects\gtbl\Application\Runtime\Cache\Admin\b6edfb39f0b02acfade78fcb5ab19012.php 第 122 行.
NOTIC: [8] Undefined index: fund_id F:\Projects\gtbl\Application\Runtime\Cache\Admin\b6edfb39f0b02acfade78fcb5ab19012.php 第 132 行.
NOTIC: [8] Undefined index: remark F:\Projects\gtbl\Application\Runtime\Cache\Admin\b6edfb39f0b02acfade78fcb5ab19012.php 第 122 行.
NOTIC: [8] Undefined index: fund_id F:\Projects\gtbl\Application\Runtime\Cache\Admin\b6edfb39f0b02acfade78fcb5ab19012.php 第 132 行.
NOTIC: [8] Undefined index: remark F:\Projects\gtbl\Application\Runtime\Cache\Admin\b6edfb39f0b02acfade78fcb5ab19012.php 第 122 行.
NOTIC: [8] Undefined index: fund_id F:\Projects\gtbl\Application\Runtime\Cache\Admin\b6edfb39f0b02acfade78fcb5ab19012.php 第 132 行.
NOTIC: [8] Undefined index: remark F:\Projects\gtbl\Application\Runtime\Cache\Admin\b6edfb39f0b02acfade78fcb5ab19012.php 第 122 行.
NOTIC: [8] Undefined index: fund_id F:\Projects\gtbl\Application\Runtime\Cache\Admin\b6edfb39f0b02acfade78fcb5ab19012.php 第 132 行.
NOTIC: [8] Undefined index: remark F:\Projects\gtbl\Application\Runtime\Cache\Admin\b6edfb39f0b02acfade78fcb5ab19012.php 第 122 行.
NOTIC: [8] Undefined index: fund_id F:\Projects\gtbl\Application\Runtime\Cache\Admin\b6edfb39f0b02acfade78fcb5ab19012.php 第 132 行.
NOTIC: [8] Undefined index: remark F:\Projects\gtbl\Application\Runtime\Cache\Admin\b6edfb39f0b02acfade78fcb5ab19012.php 第 122 行.
NOTIC: [8] Undefined index: fund_id F:\Projects\gtbl\Application\Runtime\Cache\Admin\b6edfb39f0b02acfade78fcb5ab19012.php 第 132 行.
NOTIC: [8] Undefined index: remark F:\Projects\gtbl\Application\Runtime\Cache\Admin\b6edfb39f0b02acfade78fcb5ab19012.php 第 122 行.
NOTIC: [8] Undefined index: fund_id F:\Projects\gtbl\Application\Runtime\Cache\Admin\b6edfb39f0b02acfade78fcb5ab19012.php 第 132 行.
NOTIC: [8] Undefined index: remark F:\Projects\gtbl\Application\Runtime\Cache\Admin\b6edfb39f0b02acfade78fcb5ab19012.php 第 122 行.
NOTIC: [8] Undefined index: fund_id F:\Projects\gtbl\Application\Runtime\Cache\Admin\b6edfb39f0b02acfade78fcb5ab19012.php 第 132 行.
NOTIC: [8] Undefined index: remark F:\Projects\gtbl\Application\Runtime\Cache\Admin\b6edfb39f0b02acfade78fcb5ab19012.php 第 122 行.
NOTIC: [8] Undefined index: fund_id F:\Projects\gtbl\Application\Runtime\Cache\Admin\b6edfb39f0b02acfade78fcb5ab19012.php 第 132 行.
NOTIC: [8] Undefined index: remark F:\Projects\gtbl\Application\Runtime\Cache\Admin\b6edfb39f0b02acfade78fcb5ab19012.php 第 122 行.
NOTIC: [8] Undefined index: fund_id F:\Projects\gtbl\Application\Runtime\Cache\Admin\b6edfb39f0b02acfade78fcb5ab19012.php 第 132 行.
NOTIC: [8] Undefined index: remark F:\Projects\gtbl\Application\Runtime\Cache\Admin\b6edfb39f0b02acfade78fcb5ab19012.php 第 122 行.
NOTIC: [8] Undefined index: fund_id F:\Projects\gtbl\Application\Runtime\Cache\Admin\b6edfb39f0b02acfade78fcb5ab19012.php 第 132 行.
NOTIC: [8] Undefined index: remark F:\Projects\gtbl\Application\Runtime\Cache\Admin\b6edfb39f0b02acfade78fcb5ab19012.php 第 122 行.
NOTIC: [8] Undefined index: fund_id F:\Projects\gtbl\Application\Runtime\Cache\Admin\b6edfb39f0b02acfade78fcb5ab19012.php 第 132 行.
INFO: Run Behavior\ParseTemplateBehavior [ RunTime:0.111006s ]
INFO: [ view_parse ] --END-- [ RunTime:0.111006s ]
INFO: [ view_filter ] --START--
INFO: Run Behavior\WriteHtmlCacheBehavior [ RunTime:0.001000s ]
INFO: [ view_filter ] --END-- [ RunTime:0.001000s ]
INFO: [ app_end ] --START--
INFO: Run Behavior\ShowPageTraceBehavior [ RunTime:0.001000s ]
INFO: [ app_end ] --END-- [ RunTime:0.001000s ]

[ 2016-11-18T18:33:07+08:00 ] 127.0.0.1 /Admin/Message/getNewMessage.html
INFO: [ app_init ] --START--
INFO: Run Behavior\BuildLiteBehavior [ RunTime:0.000000s ]
INFO: [ app_init ] --END-- [ RunTime:0.001000s ]
INFO: [ app_begin ] --START--
INFO: Run Behavior\ReadHtmlCacheBehavior [ RunTime:0.000000s ]
INFO: [ app_begin ] --END-- [ RunTime:0.002000s ]
SQL: SHOW COLUMNS FROM `gt_message` [ RunTime:0.0010s ]
SQL: SELECT COUNT(*) AS tp_count FROM `gt_message` WHERE `status` = 0 AND `admin_id` = 2 LIMIT 1   [ RunTime:0.0010s ]

[ 2016-11-18T18:33:27+08:00 ] 127.0.0.1 /Admin/Message/getNewMessage.html
INFO: [ app_init ] --START--
INFO: Run Behavior\BuildLiteBehavior [ RunTime:0.000000s ]
INFO: [ app_init ] --END-- [ RunTime:0.001000s ]
INFO: [ app_begin ] --START--
INFO: Run Behavior\ReadHtmlCacheBehavior [ RunTime:0.001000s ]
INFO: [ app_begin ] --END-- [ RunTime:0.001000s ]
SQL: SHOW COLUMNS FROM `gt_message` [ RunTime:0.0010s ]
SQL: SELECT COUNT(*) AS tp_count FROM `gt_message` WHERE `status` = 0 AND `admin_id` = 2 LIMIT 1   [ RunTime:0.0010s ]

[ 2016-11-18T18:33:47+08:00 ] 127.0.0.1 /Admin/Message/getNewMessage.html
INFO: [ app_init ] --START--
INFO: Run Behavior\BuildLiteBehavior [ RunTime:0.000000s ]
INFO: [ app_init ] --END-- [ RunTime:0.001000s ]
INFO: [ app_begin ] --START--
INFO: Run Behavior\ReadHtmlCacheBehavior [ RunTime:0.001000s ]
INFO: [ app_begin ] --END-- [ RunTime:0.001000s ]
SQL: SHOW COLUMNS FROM `gt_message` [ RunTime:0.0010s ]
SQL: SELECT COUNT(*) AS tp_count FROM `gt_message` WHERE `status` = 0 AND `admin_id` = 2 LIMIT 1   [ RunTime:0.0020s ]

[ 2016-11-18T18:34:07+08:00 ] 127.0.0.1 /Admin/Message/getNewMessage.html
INFO: [ app_init ] --START--
INFO: Run Behavior\BuildLiteBehavior [ RunTime:0.000000s ]
INFO: [ app_init ] --END-- [ RunTime:0.001000s ]
INFO: [ app_begin ] --START--
INFO: Run Behavior\ReadHtmlCacheBehavior [ RunTime:0.000000s ]
INFO: [ app_begin ] --END-- [ RunTime:0.002000s ]
SQL: SHOW COLUMNS FROM `gt_message` [ RunTime:0.0010s ]
SQL: SELECT COUNT(*) AS tp_count FROM `gt_message` WHERE `status` = 0 AND `admin_id` = 2 LIMIT 1   [ RunTime:0.0020s ]

[ 2016-11-18T18:34:27+08:00 ] 127.0.0.1 /Admin/Message/getNewMessage.html
INFO: [ app_init ] --START--
INFO: Run Behavior\BuildLiteBehavior [ RunTime:0.000000s ]
INFO: [ app_init ] --END-- [ RunTime:0.002000s ]
INFO: [ app_begin ] --START--
INFO: Run Behavior\ReadHtmlCacheBehavior [ RunTime:0.001000s ]
INFO: [ app_begin ] --END-- [ RunTime:0.002000s ]
SQL: SHOW COLUMNS FROM `gt_message` [ RunTime:0.0010s ]
SQL: SELECT COUNT(*) AS tp_count FROM `gt_message` WHERE `status` = 0 AND `admin_id` = 2 LIMIT 1   [ RunTime:0.0020s ]

[ 2016-11-18T18:34:47+08:00 ] 127.0.0.1 /Admin/Message/getNewMessage.html
INFO: [ app_init ] --START--
INFO: Run Behavior\BuildLiteBehavior [ RunTime:0.001000s ]
INFO: [ app_init ] --END-- [ RunTime:0.002000s ]
INFO: [ app_begin ] --START--
INFO: Run Behavior\ReadHtmlCacheBehavior [ RunTime:0.002000s ]
INFO: [ app_begin ] --END-- [ RunTime:0.003000s ]
SQL: SHOW COLUMNS FROM `gt_message` [ RunTime:0.0020s ]
SQL: SELECT COUNT(*) AS tp_count FROM `gt_message` WHERE `status` = 0 AND `admin_id` = 2 LIMIT 1   [ RunTime:0.0010s ]

[ 2016-11-18T18:35:07+08:00 ] 127.0.0.1 /Admin/Message/getNewMessage.html
INFO: [ app_init ] --START--
INFO: Run Behavior\BuildLiteBehavior [ RunTime:0.000000s ]
INFO: [ app_init ] --END-- [ RunTime:0.001000s ]
INFO: [ app_begin ] --START--
INFO: Run Behavior\ReadHtmlCacheBehavior [ RunTime:0.001000s ]
INFO: [ app_begin ] --END-- [ RunTime:0.001000s ]
SQL: SHOW COLUMNS FROM `gt_message` [ RunTime:0.0000s ]
SQL: SELECT COUNT(*) AS tp_count FROM `gt_message` WHERE `status` = 0 AND `admin_id` = 2 LIMIT 1   [ RunTime:0.0010s ]

[ 2016-11-18T18:35:27+08:00 ] 127.0.0.1 /Admin/Message/getNewMessage.html
INFO: [ app_init ] --START--
INFO: Run Behavior\BuildLiteBehavior [ RunTime:0.000000s ]
INFO: [ app_init ] --END-- [ RunTime:0.001000s ]
INFO: [ app_begin ] --START--
INFO: Run Behavior\ReadHtmlCacheBehavior [ RunTime:0.001000s ]
INFO: [ app_begin ] --END-- [ RunTime:0.002000s ]
SQL: SHOW COLUMNS FROM `gt_message` [ RunTime:0.0010s ]
SQL: SELECT COUNT(*) AS tp_count FROM `gt_message` WHERE `status` = 0 AND `admin_id` = 2 LIMIT 1   [ RunTime:0.0010s ]

[ 2016-11-18T18:35:47+08:00 ] 127.0.0.1 /Admin/Message/getNewMessage.html
INFO: [ app_init ] --START--
INFO: Run Behavior\BuildLiteBehavior [ RunTime:0.000000s ]
INFO: [ app_init ] --END-- [ RunTime:0.002000s ]
INFO: [ app_begin ] --START--
INFO: Run Behavior\ReadHtmlCacheBehavior [ RunTime:0.001000s ]
INFO: [ app_begin ] --END-- [ RunTime:0.003000s ]
SQL: SHOW COLUMNS FROM `gt_message` [ RunTime:0.0010s ]
SQL: SELECT COUNT(*) AS tp_count FROM `gt_message` WHERE `status` = 0 AND `admin_id` = 2 LIMIT 1   [ RunTime:0.0010s ]

[ 2016-11-18T18:36:07+08:00 ] 127.0.0.1 /Admin/Message/getNewMessage.html
INFO: [ app_init ] --START--
INFO: Run Behavior\BuildLiteBehavior [ RunTime:0.000000s ]
INFO: [ app_init ] --END-- [ RunTime:0.002000s ]
INFO: [ app_begin ] --START--
INFO: Run Behavior\ReadHtmlCacheBehavior [ RunTime:0.001000s ]
INFO: [ app_begin ] --END-- [ RunTime:0.001000s ]
SQL: SHOW COLUMNS FROM `gt_message` [ RunTime:0.0010s ]
SQL: SELECT COUNT(*) AS tp_count FROM `gt_message` WHERE `status` = 0 AND `admin_id` = 2 LIMIT 1   [ RunTime:0.0020s ]

[ 2016-11-18T18:36:27+08:00 ] 127.0.0.1 /Admin/Message/getNewMessage.html
INFO: [ app_init ] --START--
INFO: Run Behavior\BuildLiteBehavior [ RunTime:0.000000s ]
INFO: [ app_init ] --END-- [ RunTime:0.002001s ]
INFO: [ app_begin ] --START--
INFO: Run Behavior\ReadHtmlCacheBehavior [ RunTime:0.001000s ]
INFO: [ app_begin ] --END-- [ RunTime:0.001000s ]
SQL: SHOW COLUMNS FROM `gt_message` [ RunTime:0.0010s ]
SQL: SELECT COUNT(*) AS tp_count FROM `gt_message` WHERE `status` = 0 AND `admin_id` = 2 LIMIT 1   [ RunTime:0.0010s ]

[ 2016-11-18T18:36:47+08:00 ] 127.0.0.1 /Admin/Message/getNewMessage.html
INFO: [ app_init ] --START--
INFO: Run Behavior\BuildLiteBehavior [ RunTime:0.000000s ]
INFO: [ app_init ] --END-- [ RunTime:0.003000s ]
INFO: [ app_begin ] --START--
INFO: Run Behavior\ReadHtmlCacheBehavior [ RunTime:0.001000s ]
INFO: [ app_begin ] --END-- [ RunTime:0.002000s ]
SQL: SHOW COLUMNS FROM `gt_message` [ RunTime:0.0020s ]
SQL: SELECT COUNT(*) AS tp_count FROM `gt_message` WHERE `status` = 0 AND `admin_id` = 2 LIMIT 1   [ RunTime:0.0010s ]

[ 2016-11-18T18:37:07+08:00 ] 127.0.0.1 /Admin/Message/getNewMessage.html
INFO: [ app_init ] --START--
INFO: Run Behavior\BuildLiteBehavior [ RunTime:0.001000s ]
INFO: [ app_init ] --END-- [ RunTime:0.001000s ]
INFO: [ app_begin ] --START--
INFO: Run Behavior\ReadHtmlCacheBehavior [ RunTime:0.001001s ]
INFO: [ app_begin ] --END-- [ RunTime:0.002001s ]
SQL: SHOW COLUMNS FROM `gt_message` [ RunTime:0.0010s ]
SQL: SELECT COUNT(*) AS tp_count FROM `gt_message` WHERE `status` = 0 AND `admin_id` = 2 LIMIT 1   [ RunTime:0.0010s ]

[ 2016-11-18T18:37:27+08:00 ] 127.0.0.1 /Admin/Message/getNewMessage.html
INFO: [ app_init ] --START--
INFO: Run Behavior\BuildLiteBehavior [ RunTime:0.000000s ]
INFO: [ app_init ] --END-- [ RunTime:0.000000s ]
INFO: [ app_begin ] --START--
INFO: Run Behavior\ReadHtmlCacheBehavior [ RunTime:0.001000s ]
INFO: [ app_begin ] --END-- [ RunTime:0.001000s ]
SQL: SHOW COLUMNS FROM `gt_message` [ RunTime:0.0020s ]
SQL: SELECT COUNT(*) AS tp_count FROM `gt_message` WHERE `status` = 0 AND `admin_id` = 2 LIMIT 1   [ RunTime:0.0010s ]

[ 2016-11-18T18:37:47+08:00 ] 127.0.0.1 /Admin/Message/getNewMessage.html
INFO: [ app_init ] --START--
INFO: Run Behavior\BuildLiteBehavior [ RunTime:0.000000s ]
INFO: [ app_init ] --END-- [ RunTime:0.001000s ]
INFO: [ app_begin ] --START--
INFO: Run Behavior\ReadHtmlCacheBehavior [ RunTime:0.001000s ]
INFO: [ app_begin ] --END-- [ RunTime:0.001000s ]
SQL: SHOW COLUMNS FROM `gt_message` [ RunTime:0.0010s ]
SQL: SELECT COUNT(*) AS tp_count FROM `gt_message` WHERE `status` = 0 AND `admin_id` = 2 LIMIT 1   [ RunTime:0.0010s ]

[ 2016-11-18T18:38:07+08:00 ] 127.0.0.1 /Admin/Message/getNewMessage.html
INFO: [ app_init ] --START--
INFO: Run Behavior\BuildLiteBehavior [ RunTime:0.000000s ]
INFO: [ app_init ] --END-- [ RunTime:0.001000s ]
INFO: [ app_begin ] --START--
INFO: Run Behavior\ReadHtmlCacheBehavior [ RunTime:0.001000s ]
INFO: [ app_begin ] --END-- [ RunTime:0.001000s ]
SQL: SHOW COLUMNS FROM `gt_message` [ RunTime:0.0020s ]
SQL: SELECT COUNT(*) AS tp_count FROM `gt_message` WHERE `status` = 0 AND `admin_id` = 2 LIMIT 1   [ RunTime:0.0010s ]

[ 2016-11-18T18:38:27+08:00 ] 127.0.0.1 /Admin/Message/getNewMessage.html
INFO: [ app_init ] --START--
INFO: Run Behavior\BuildLiteBehavior [ RunTime:0.000000s ]
INFO: [ app_init ] --END-- [ RunTime:0.001000s ]
INFO: [ app_begin ] --START--
INFO: Run Behavior\ReadHtmlCacheBehavior [ RunTime:0.001000s ]
INFO: [ app_begin ] --END-- [ RunTime:0.001000s ]
SQL: SHOW COLUMNS FROM `gt_message` [ RunTime:0.0010s ]
SQL: SELECT COUNT(*) AS tp_count FROM `gt_message` WHERE `status` = 0 AND `admin_id` = 2 LIMIT 1   [ RunTime:0.0010s ]

[ 2016-11-18T18:38:47+08:00 ] 127.0.0.1 /Admin/Message/getNewMessage.html
INFO: [ app_init ] --START--
INFO: Run Behavior\BuildLiteBehavior [ RunTime:0.000000s ]
INFO: [ app_init ] --END-- [ RunTime:0.001000s ]
INFO: [ app_begin ] --START--
INFO: Run Behavior\ReadHtmlCacheBehavior [ RunTime:0.001000s ]
INFO: [ app_begin ] --END-- [ RunTime:0.001000s ]
SQL: SHOW COLUMNS FROM `gt_message` [ RunTime:0.0010s ]
SQL: SELECT COUNT(*) AS tp_count FROM `gt_message` WHERE `status` = 0 AND `admin_id` = 2 LIMIT 1   [ RunTime:0.0010s ]

[ 2016-11-18T18:39:07+08:00 ] 127.0.0.1 /Admin/Message/getNewMessage.html
INFO: [ app_init ] --START--
INFO: Run Behavior\BuildLiteBehavior [ RunTime:0.001000s ]
INFO: [ app_init ] --END-- [ RunTime:0.001000s ]
INFO: [ app_begin ] --START--
INFO: Run Behavior\ReadHtmlCacheBehavior [ RunTime:0.001000s ]
INFO: [ app_begin ] --END-- [ RunTime:0.002000s ]
SQL: SHOW COLUMNS FROM `gt_message` [ RunTime:0.0020s ]
SQL: SELECT COUNT(*) AS tp_count FROM `gt_message` WHERE `status` = 0 AND `admin_id` = 2 LIMIT 1   [ RunTime:0.0010s ]

[ 2016-11-18T18:39:27+08:00 ] 127.0.0.1 /Admin/Message/getNewMessage.html
INFO: [ app_init ] --START--
INFO: Run Behavior\BuildLiteBehavior [ RunTime:0.000000s ]
INFO: [ app_init ] --END-- [ RunTime:0.001000s ]
INFO: [ app_begin ] --START--
INFO: Run Behavior\ReadHtmlCacheBehavior [ RunTime:0.001000s ]
INFO: [ app_begin ] --END-- [ RunTime:0.001000s ]
SQL: SHOW COLUMNS FROM `gt_message` [ RunTime:0.0010s ]
SQL: SELECT COUNT(*) AS tp_count FROM `gt_message` WHERE `status` = 0 AND `admin_id` = 2 LIMIT 1   [ RunTime:0.0010s ]

[ 2016-11-18T18:39:47+08:00 ] 127.0.0.1 /Admin/Message/getNewMessage.html
INFO: [ app_init ] --START--
INFO: Run Behavior\BuildLiteBehavior [ RunTime:0.000000s ]
INFO: [ app_init ] --END-- [ RunTime:0.001000s ]
INFO: [ app_begin ] --START--
INFO: Run Behavior\ReadHtmlCacheBehavior [ RunTime:0.001000s ]
INFO: [ app_begin ] --END-- [ RunTime:0.001000s ]
SQL: SHOW COLUMNS FROM `gt_message` [ RunTime:0.0010s ]
SQL: SELECT COUNT(*) AS tp_count FROM `gt_message` WHERE `status` = 0 AND `admin_id` = 2 LIMIT 1   [ RunTime:0.0010s ]

[ 2016-11-18T18:40:07+08:00 ] 127.0.0.1 /Admin/Message/getNewMessage.html
INFO: [ app_init ] --START--
INFO: Run Behavior\BuildLiteBehavior [ RunTime:0.000000s ]
INFO: [ app_init ] --END-- [ RunTime:0.000000s ]
INFO: [ app_begin ] --START--
INFO: Run Behavior\ReadHtmlCacheBehavior [ RunTime:0.001000s ]
INFO: [ app_begin ] --END-- [ RunTime:0.001000s ]
SQL: SHOW COLUMNS FROM `gt_message` [ RunTime:0.0010s ]
SQL: SELECT COUNT(*) AS tp_count FROM `gt_message` WHERE `status` = 0 AND `admin_id` = 2 LIMIT 1   [ RunTime:0.0010s ]

[ 2016-11-18T18:40:27+08:00 ] 127.0.0.1 /Admin/Message/getNewMessage.html
INFO: [ app_init ] --START--
INFO: Run Behavior\BuildLiteBehavior [ RunTime:0.000000s ]
INFO: [ app_init ] --END-- [ RunTime:0.001000s ]
INFO: [ app_begin ] --START--
INFO: Run Behavior\ReadHtmlCacheBehavior [ RunTime:0.001001s ]
INFO: [ app_begin ] --END-- [ RunTime:0.001001s ]
SQL: SHOW COLUMNS FROM `gt_message` [ RunTime:0.0010s ]
SQL: SELECT COUNT(*) AS tp_count FROM `gt_message` WHERE `status` = 0 AND `admin_id` = 2 LIMIT 1   [ RunTime:0.0010s ]

[ 2016-11-18T18:40:47+08:00 ] 127.0.0.1 /Admin/Message/getNewMessage.html
INFO: [ app_init ] --START--
INFO: Run Behavior\BuildLiteBehavior [ RunTime:0.001000s ]
INFO: [ app_init ] --END-- [ RunTime:0.001000s ]
INFO: [ app_begin ] --START--
INFO: Run Behavior\ReadHtmlCacheBehavior [ RunTime:0.000000s ]
INFO: [ app_begin ] --END-- [ RunTime:0.001001s ]
SQL: SHOW COLUMNS FROM `gt_message` [ RunTime:0.0010s ]
SQL: SELECT COUNT(*) AS tp_count FROM `gt_message` WHERE `status` = 0 AND `admin_id` = 2 LIMIT 1   [ RunTime:0.0010s ]

[ 2016-11-18T18:41:07+08:00 ] 127.0.0.1 /Admin/Message/getNewMessage.html
INFO: [ app_init ] --START--
INFO: Run Behavior\BuildLiteBehavior [ RunTime:0.000000s ]
INFO: [ app_init ] --END-- [ RunTime:0.002000s ]
INFO: [ app_begin ] --START--
INFO: Run Behavior\ReadHtmlCacheBehavior [ RunTime:0.001000s ]
INFO: [ app_begin ] --END-- [ RunTime:0.001000s ]
SQL: SHOW COLUMNS FROM `gt_message` [ RunTime:0.0010s ]
SQL: SELECT COUNT(*) AS tp_count FROM `gt_message` WHERE `status` = 0 AND `admin_id` = 2 LIMIT 1   [ RunTime:0.0000s ]

[ 2016-11-18T18:41:27+08:00 ] 127.0.0.1 /Admin/Message/getNewMessage.html
INFO: [ app_init ] --START--
INFO: Run Behavior\BuildLiteBehavior [ RunTime:0.001000s ]
INFO: [ app_init ] --END-- [ RunTime:0.001000s ]
INFO: [ app_begin ] --START--
INFO: Run Behavior\ReadHtmlCacheBehavior [ RunTime:0.000000s ]
INFO: [ app_begin ] --END-- [ RunTime:0.001000s ]
SQL: SHOW COLUMNS FROM `gt_message` [ RunTime:0.0020s ]
SQL: SELECT COUNT(*) AS tp_count FROM `gt_message` WHERE `status` = 0 AND `admin_id` = 2 LIMIT 1   [ RunTime:0.0010s ]

[ 2016-11-18T18:41:47+08:00 ] 127.0.0.1 /Admin/Message/getNewMessage.html
INFO: [ app_init ] --START--
INFO: Run Behavior\BuildLiteBehavior [ RunTime:0.000000s ]
INFO: [ app_init ] --END-- [ RunTime:0.001000s ]
INFO: [ app_begin ] --START--
INFO: Run Behavior\ReadHtmlCacheBehavior [ RunTime:0.001000s ]
INFO: [ app_begin ] --END-- [ RunTime:0.002000s ]
SQL: SHOW COLUMNS FROM `gt_message` [ RunTime:0.0010s ]
SQL: SELECT COUNT(*) AS tp_count FROM `gt_message` WHERE `status` = 0 AND `admin_id` = 2 LIMIT 1   [ RunTime:0.0020s ]

[ 2016-11-18T18:42:07+08:00 ] 127.0.0.1 /Admin/Message/getNewMessage.html
INFO: [ app_init ] --START--
INFO: Run Behavior\BuildLiteBehavior [ RunTime:0.000000s ]
INFO: [ app_init ] --END-- [ RunTime:0.002000s ]
INFO: [ app_begin ] --START--
INFO: Run Behavior\ReadHtmlCacheBehavior [ RunTime:0.000000s ]
INFO: [ app_begin ] --END-- [ RunTime:0.001000s ]
SQL: SHOW COLUMNS FROM `gt_message` [ RunTime:0.0020s ]
SQL: SELECT COUNT(*) AS tp_count FROM `gt_message` WHERE `status` = 0 AND `admin_id` = 2 LIMIT 1   [ RunTime:0.0010s ]

[ 2016-11-18T18:42:27+08:00 ] 127.0.0.1 /Admin/Message/getNewMessage.html
INFO: [ app_init ] --START--
INFO: Run Behavior\BuildLiteBehavior [ RunTime:0.000000s ]
INFO: [ app_init ] --END-- [ RunTime:0.001000s ]
INFO: [ app_begin ] --START--
INFO: Run Behavior\ReadHtmlCacheBehavior [ RunTime:0.000000s ]
INFO: [ app_begin ] --END-- [ RunTime:0.002001s ]
SQL: SHOW COLUMNS FROM `gt_message` [ RunTime:0.0010s ]
SQL: SELECT COUNT(*) AS tp_count FROM `gt_message` WHERE `status` = 0 AND `admin_id` = 2 LIMIT 1   [ RunTime:0.0010s ]

[ 2016-11-18T18:42:47+08:00 ] 127.0.0.1 /Admin/Message/getNewMessage.html
INFO: [ app_init ] --START--
INFO: Run Behavior\BuildLiteBehavior [ RunTime:0.000000s ]
INFO: [ app_init ] --END-- [ RunTime:0.002000s ]
INFO: [ app_begin ] --START--
INFO: Run Behavior\ReadHtmlCacheBehavior [ RunTime:0.001001s ]
INFO: [ app_begin ] --END-- [ RunTime:0.001001s ]
SQL: SHOW COLUMNS FROM `gt_message` [ RunTime:0.0020s ]
SQL: SELECT COUNT(*) AS tp_count FROM `gt_message` WHERE `status` = 0 AND `admin_id` = 2 LIMIT 1   [ RunTime:0.0010s ]

[ 2016-11-18T18:43:07+08:00 ] 127.0.0.1 /Admin/Message/getNewMessage.html
INFO: [ app_init ] --START--
INFO: Run Behavior\BuildLiteBehavior [ RunTime:0.000000s ]
INFO: [ app_init ] --END-- [ RunTime:0.001000s ]
INFO: [ app_begin ] --START--
INFO: Run Behavior\ReadHtmlCacheBehavior [ RunTime:0.001000s ]
INFO: [ app_begin ] --END-- [ RunTime:0.002000s ]
SQL: SHOW COLUMNS FROM `gt_message` [ RunTime:0.0010s ]
SQL: SELECT COUNT(*) AS tp_count FROM `gt_message` WHERE `status` = 0 AND `admin_id` = 2 LIMIT 1   [ RunTime:0.0010s ]

[ 2016-11-18T18:43:27+08:00 ] 127.0.0.1 /Admin/Message/getNewMessage.html
INFO: [ app_init ] --START--
INFO: Run Behavior\BuildLiteBehavior [ RunTime:0.000000s ]
INFO: [ app_init ] --END-- [ RunTime:0.001001s ]
INFO: [ app_begin ] --START--
INFO: Run Behavior\ReadHtmlCacheBehavior [ RunTime:0.001000s ]
INFO: [ app_begin ] --END-- [ RunTime:0.001000s ]
SQL: SHOW COLUMNS FROM `gt_message` [ RunTime:0.0010s ]
SQL: SELECT COUNT(*) AS tp_count FROM `gt_message` WHERE `status` = 0 AND `admin_id` = 2 LIMIT 1   [ RunTime:0.0010s ]

[ 2016-11-18T18:43:47+08:00 ] 127.0.0.1 /Admin/Message/getNewMessage.html
INFO: [ app_init ] --START--
INFO: Run Behavior\BuildLiteBehavior [ RunTime:0.000000s ]
INFO: [ app_init ] --END-- [ RunTime:0.001000s ]
INFO: [ app_begin ] --START--
INFO: Run Behavior\ReadHtmlCacheBehavior [ RunTime:0.001000s ]
INFO: [ app_begin ] --END-- [ RunTime:0.001000s ]
SQL: SHOW COLUMNS FROM `gt_message` [ RunTime:0.0010s ]
SQL: SELECT COUNT(*) AS tp_count FROM `gt_message` WHERE `status` = 0 AND `admin_id` = 2 LIMIT 1   [ RunTime:0.0010s ]

[ 2016-11-18T18:44:07+08:00 ] 127.0.0.1 /Admin/Message/getNewMessage.html
INFO: [ app_init ] --START--
INFO: Run Behavior\BuildLiteBehavior [ RunTime:0.000000s ]
INFO: [ app_init ] --END-- [ RunTime:0.002000s ]
INFO: [ app_begin ] --START--
INFO: Run Behavior\ReadHtmlCacheBehavior [ RunTime:0.001000s ]
INFO: [ app_begin ] --END-- [ RunTime:0.003000s ]
SQL: SHOW COLUMNS FROM `gt_message` [ RunTime:0.0020s ]
SQL: SELECT COUNT(*) AS tp_count FROM `gt_message` WHERE `status` = 0 AND `admin_id` = 2 LIMIT 1   [ RunTime:0.0010s ]

[ 2016-11-18T18:44:27+08:00 ] 127.0.0.1 /Admin/Message/getNewMessage.html
INFO: [ app_init ] --START--
INFO: Run Behavior\BuildLiteBehavior [ RunTime:0.000000s ]
INFO: [ app_init ] --END-- [ RunTime:0.002000s ]
INFO: [ app_begin ] --START--
INFO: Run Behavior\ReadHtmlCacheBehavior [ RunTime:0.001001s ]
INFO: [ app_begin ] --END-- [ RunTime:0.002001s ]
SQL: SHOW COLUMNS FROM `gt_message` [ RunTime:0.0010s ]
SQL: SELECT COUNT(*) AS tp_count FROM `gt_message` WHERE `status` = 0 AND `admin_id` = 2 LIMIT 1   [ RunTime:0.0010s ]

[ 2016-11-18T18:44:47+08:00 ] 127.0.0.1 /Admin/Message/getNewMessage.html
INFO: [ app_init ] --START--
INFO: Run Behavior\BuildLiteBehavior [ RunTime:0.001000s ]
INFO: [ app_init ] --END-- [ RunTime:0.001000s ]
INFO: [ app_begin ] --START--
INFO: Run Behavior\ReadHtmlCacheBehavior [ RunTime:0.001000s ]
INFO: [ app_begin ] --END-- [ RunTime:0.002000s ]
SQL: SHOW COLUMNS FROM `gt_message` [ RunTime:0.0010s ]
SQL: SELECT COUNT(*) AS tp_count FROM `gt_message` WHERE `status` = 0 AND `admin_id` = 2 LIMIT 1   [ RunTime:0.0010s ]

[ 2016-11-18T18:45:07+08:00 ] 127.0.0.1 /Admin/Message/getNewMessage.html
INFO: [ app_init ] --START--
INFO: Run Behavior\BuildLiteBehavior [ RunTime:0.000000s ]
INFO: [ app_init ] --END-- [ RunTime:0.001000s ]
INFO: [ app_begin ] --START--
INFO: Run Behavior\ReadHtmlCacheBehavior [ RunTime:0.001000s ]
INFO: [ app_begin ] --END-- [ RunTime:0.002000s ]
SQL: SHOW COLUMNS FROM `gt_message` [ RunTime:0.0010s ]
SQL: SELECT COUNT(*) AS tp_count FROM `gt_message` WHERE `status` = 0 AND `admin_id` = 2 LIMIT 1   [ RunTime:0.0010s ]

[ 2016-11-18T18:45:27+08:00 ] 127.0.0.1 /Admin/Message/getNewMessage.html
INFO: [ app_init ] --START--
INFO: Run Behavior\BuildLiteBehavior [ RunTime:0.001000s ]
INFO: [ app_init ] --END-- [ RunTime:0.001000s ]
INFO: [ app_begin ] --START--
INFO: Run Behavior\ReadHtmlCacheBehavior [ RunTime:0.001000s ]
INFO: [ app_begin ] --END-- [ RunTime:0.002000s ]
SQL: SHOW COLUMNS FROM `gt_message` [ RunTime:0.0010s ]
SQL: SELECT COUNT(*) AS tp_count FROM `gt_message` WHERE `status` = 0 AND `admin_id` = 2 LIMIT 1   [ RunTime:0.0010s ]

[ 2016-11-18T18:45:47+08:00 ] 127.0.0.1 /Admin/Message/getNewMessage.html
INFO: [ app_init ] --START--
INFO: Run Behavior\BuildLiteBehavior [ RunTime:0.000000s ]
INFO: [ app_init ] --END-- [ RunTime:0.001000s ]
INFO: [ app_begin ] --START--
INFO: Run Behavior\ReadHtmlCacheBehavior [ RunTime:0.001000s ]
INFO: [ app_begin ] --END-- [ RunTime:0.001000s ]
SQL: SHOW COLUMNS FROM `gt_message` [ RunTime:0.0020s ]
SQL: SELECT COUNT(*) AS tp_count FROM `gt_message` WHERE `status` = 0 AND `admin_id` = 2 LIMIT 1   [ RunTime:0.0020s ]

[ 2016-11-18T18:46:07+08:00 ] 127.0.0.1 /Admin/Message/getNewMessage.html
INFO: [ app_init ] --START--
INFO: Run Behavior\BuildLiteBehavior [ RunTime:0.000000s ]
INFO: [ app_init ] --END-- [ RunTime:0.001000s ]
INFO: [ app_begin ] --START--
INFO: Run Behavior\ReadHtmlCacheBehavior [ RunTime:0.001000s ]
INFO: [ app_begin ] --END-- [ RunTime:0.002000s ]
SQL: SHOW COLUMNS FROM `gt_message` [ RunTime:0.0010s ]
SQL: SELECT COUNT(*) AS tp_count FROM `gt_message` WHERE `status` = 0 AND `admin_id` = 2 LIMIT 1   [ RunTime:0.0010s ]

[ 2016-11-18T18:46:27+08:00 ] 127.0.0.1 /Admin/Message/getNewMessage.html
INFO: [ app_init ] --START--
INFO: Run Behavior\BuildLiteBehavior [ RunTime:0.000000s ]
INFO: [ app_init ] --END-- [ RunTime:0.001000s ]
INFO: [ app_begin ] --START--
INFO: Run Behavior\ReadHtmlCacheBehavior [ RunTime:0.001000s ]
INFO: [ app_begin ] --END-- [ RunTime:0.001000s ]
SQL: SHOW COLUMNS FROM `gt_message` [ RunTime:0.0010s ]
SQL: SELECT COUNT(*) AS tp_count FROM `gt_message` WHERE `status` = 0 AND `admin_id` = 2 LIMIT 1   [ RunTime:0.0010s ]

[ 2016-11-18T18:46:47+08:00 ] 127.0.0.1 /Admin/Message/getNewMessage.html
INFO: [ app_init ] --START--
INFO: Run Behavior\BuildLiteBehavior [ RunTime:0.000000s ]
INFO: [ app_init ] --END-- [ RunTime:0.001000s ]
INFO: [ app_begin ] --START--
INFO: Run Behavior\ReadHtmlCacheBehavior [ RunTime:0.001000s ]
INFO: [ app_begin ] --END-- [ RunTime:0.001000s ]
SQL: SHOW COLUMNS FROM `gt_message` [ RunTime:0.0010s ]
SQL: SELECT COUNT(*) AS tp_count FROM `gt_message` WHERE `status` = 0 AND `admin_id` = 2 LIMIT 1   [ RunTime:0.0010s ]

[ 2016-11-18T18:47:07+08:00 ] 127.0.0.1 /Admin/Message/getNewMessage.html
INFO: [ app_init ] --START--
INFO: Run Behavior\BuildLiteBehavior [ RunTime:0.000000s ]
INFO: [ app_init ] --END-- [ RunTime:0.001000s ]
INFO: [ app_begin ] --START--
INFO: Run Behavior\ReadHtmlCacheBehavior [ RunTime:0.001000s ]
INFO: [ app_begin ] --END-- [ RunTime:0.001000s ]
SQL: SHOW COLUMNS FROM `gt_message` [ RunTime:0.0010s ]
SQL: SELECT COUNT(*) AS tp_count FROM `gt_message` WHERE `status` = 0 AND `admin_id` = 2 LIMIT 1   [ RunTime:0.0010s ]

[ 2016-11-18T18:47:27+08:00 ] 127.0.0.1 /Admin/Message/getNewMessage.html
INFO: [ app_init ] --START--
INFO: Run Behavior\BuildLiteBehavior [ RunTime:0.000000s ]
INFO: [ app_init ] --END-- [ RunTime:0.000000s ]
INFO: [ app_begin ] --START--
INFO: Run Behavior\ReadHtmlCacheBehavior [ RunTime:0.001000s ]
INFO: [ app_begin ] --END-- [ RunTime:0.001000s ]
SQL: SHOW COLUMNS FROM `gt_message` [ RunTime:0.0010s ]
SQL: SELECT COUNT(*) AS tp_count FROM `gt_message` WHERE `status` = 0 AND `admin_id` = 2 LIMIT 1   [ RunTime:0.0010s ]

[ 2016-11-18T18:47:47+08:00 ] 127.0.0.1 /Admin/Message/getNewMessage.html
INFO: [ app_init ] --START--
INFO: Run Behavior\BuildLiteBehavior [ RunTime:0.000000s ]
INFO: [ app_init ] --END-- [ RunTime:0.001000s ]
INFO: [ app_begin ] --START--
INFO: Run Behavior\ReadHtmlCacheBehavior [ RunTime:0.001000s ]
INFO: [ app_begin ] --END-- [ RunTime:0.002000s ]
SQL: SHOW COLUMNS FROM `gt_message` [ RunTime:0.0020s ]
SQL: SELECT COUNT(*) AS tp_count FROM `gt_message` WHERE `status` = 0 AND `admin_id` = 2 LIMIT 1   [ RunTime:0.0010s ]

[ 2016-11-18T18:48:07+08:00 ] 127.0.0.1 /Admin/Message/getNewMessage.html
INFO: [ app_init ] --START--
INFO: Run Behavior\BuildLiteBehavior [ RunTime:0.000000s ]
INFO: [ app_init ] --END-- [ RunTime:0.002001s ]
INFO: [ app_begin ] --START--
INFO: Run Behavior\ReadHtmlCacheBehavior [ RunTime:0.002001s ]
INFO: [ app_begin ] --END-- [ RunTime:0.002001s ]
SQL: SHOW COLUMNS FROM `gt_message` [ RunTime:0.0010s ]
SQL: SELECT COUNT(*) AS tp_count FROM `gt_message` WHERE `status` = 0 AND `admin_id` = 2 LIMIT 1   [ RunTime:0.0010s ]

[ 2016-11-18T18:48:27+08:00 ] 127.0.0.1 /Admin/Message/getNewMessage.html
INFO: [ app_init ] --START--
INFO: Run Behavior\BuildLiteBehavior [ RunTime:0.000000s ]
INFO: [ app_init ] --END-- [ RunTime:0.001000s ]
INFO: [ app_begin ] --START--
INFO: Run Behavior\ReadHtmlCacheBehavior [ RunTime:0.001000s ]
INFO: [ app_begin ] --END-- [ RunTime:0.001000s ]
SQL: SHOW COLUMNS FROM `gt_message` [ RunTime:0.0010s ]
SQL: SELECT COUNT(*) AS tp_count FROM `gt_message` WHERE `status` = 0 AND `admin_id` = 2 LIMIT 1   [ RunTime:0.0010s ]

[ 2016-11-18T18:48:47+08:00 ] 127.0.0.1 /Admin/Message/getNewMessage.html
INFO: [ app_init ] --START--
INFO: Run Behavior\BuildLiteBehavior [ RunTime:0.000000s ]
INFO: [ app_init ] --END-- [ RunTime:0.001000s ]
INFO: [ app_begin ] --START--
INFO: Run Behavior\ReadHtmlCacheBehavior [ RunTime:0.002000s ]
INFO: [ app_begin ] --END-- [ RunTime:0.002000s ]
SQL: SHOW COLUMNS FROM `gt_message` [ RunTime:0.0010s ]
SQL: SELECT COUNT(*) AS tp_count FROM `gt_message` WHERE `status` = 0 AND `admin_id` = 2 LIMIT 1   [ RunTime:0.0010s ]

[ 2016-11-18T18:49:07+08:00 ] 127.0.0.1 /Admin/Message/getNewMessage.html
INFO: [ app_init ] --START--
INFO: Run Behavior\BuildLiteBehavior [ RunTime:0.001000s ]
INFO: [ app_init ] --END-- [ RunTime:0.001000s ]
INFO: [ app_begin ] --START--
INFO: Run Behavior\ReadHtmlCacheBehavior [ RunTime:0.000000s ]
INFO: [ app_begin ] --END-- [ RunTime:0.002000s ]
SQL: SHOW COLUMNS FROM `gt_message` [ RunTime:0.0010s ]
SQL: SELECT COUNT(*) AS tp_count FROM `gt_message` WHERE `status` = 0 AND `admin_id` = 2 LIMIT 1   [ RunTime:0.0020s ]

[ 2016-11-18T18:49:27+08:00 ] 127.0.0.1 /Admin/Message/getNewMessage.html
INFO: [ app_init ] --START--
INFO: Run Behavior\BuildLiteBehavior [ RunTime:0.000000s ]
INFO: [ app_init ] --END-- [ RunTime:0.001000s ]
INFO: [ app_begin ] --START--
INFO: Run Behavior\ReadHtmlCacheBehavior [ RunTime:0.000000s ]
INFO: [ app_begin ] --END-- [ RunTime:0.002000s ]
SQL: SHOW COLUMNS FROM `gt_message` [ RunTime:0.0010s ]
SQL: SELECT COUNT(*) AS tp_count FROM `gt_message` WHERE `status` = 0 AND `admin_id` = 2 LIMIT 1   [ RunTime:0.0010s ]

[ 2016-11-18T18:49:47+08:00 ] 127.0.0.1 /Admin/Message/getNewMessage.html
INFO: [ app_init ] --START--
INFO: Run Behavior\BuildLiteBehavior [ RunTime:0.000000s ]
INFO: [ app_init ] --END-- [ RunTime:0.001000s ]
INFO: [ app_begin ] --START--
INFO: Run Behavior\ReadHtmlCacheBehavior [ RunTime:0.001000s ]
INFO: [ app_begin ] --END-- [ RunTime:0.003000s ]
SQL: SHOW COLUMNS FROM `gt_message` [ RunTime:0.0010s ]
SQL: SELECT COUNT(*) AS tp_count FROM `gt_message` WHERE `status` = 0 AND `admin_id` = 2 LIMIT 1   [ RunTime:0.0010s ]

[ 2016-11-18T18:50:07+08:00 ] 127.0.0.1 /Admin/Message/getNewMessage.html
INFO: [ app_init ] --START--
INFO: Run Behavior\BuildLiteBehavior [ RunTime:0.000000s ]
INFO: [ app_init ] --END-- [ RunTime:0.004000s ]
INFO: [ app_begin ] --START--
INFO: Run Behavior\ReadHtmlCacheBehavior [ RunTime:0.002001s ]
INFO: [ app_begin ] --END-- [ RunTime:0.002001s ]
SQL: SHOW COLUMNS FROM `gt_message` [ RunTime:0.0020s ]
SQL: SELECT COUNT(*) AS tp_count FROM `gt_message` WHERE `status` = 0 AND `admin_id` = 2 LIMIT 1   [ RunTime:0.0020s ]

[ 2016-11-18T18:50:27+08:00 ] 127.0.0.1 /Admin/Message/getNewMessage.html
INFO: [ app_init ] --START--
INFO: Run Behavior\BuildLiteBehavior [ RunTime:0.000000s ]
INFO: [ app_init ] --END-- [ RunTime:0.001000s ]
INFO: [ app_begin ] --START--
INFO: Run Behavior\ReadHtmlCacheBehavior [ RunTime:0.000000s ]
INFO: [ app_begin ] --END-- [ RunTime:0.002000s ]
SQL: SHOW COLUMNS FROM `gt_message` [ RunTime:0.0010s ]
SQL: SELECT COUNT(*) AS tp_count FROM `gt_message` WHERE `status` = 0 AND `admin_id` = 2 LIMIT 1   [ RunTime:0.0020s ]

[ 2016-11-18T18:50:47+08:00 ] 127.0.0.1 /Admin/Message/getNewMessage.html
INFO: [ app_init ] --START--
INFO: Run Behavior\BuildLiteBehavior [ RunTime:0.000000s ]
INFO: [ app_init ] --END-- [ RunTime:0.001000s ]
INFO: [ app_begin ] --START--
INFO: Run Behavior\ReadHtmlCacheBehavior [ RunTime:0.001000s ]
INFO: [ app_begin ] --END-- [ RunTime:0.001000s ]
SQL: SHOW COLUMNS FROM `gt_message` [ RunTime:0.0020s ]
SQL: SELECT COUNT(*) AS tp_count FROM `gt_message` WHERE `status` = 0 AND `admin_id` = 2 LIMIT 1   [ RunTime:0.0010s ]

[ 2016-11-18T18:51:07+08:00 ] 127.0.0.1 /Admin/Message/getNewMessage.html
INFO: [ app_init ] --START--
INFO: Run Behavior\BuildLiteBehavior [ RunTime:0.000000s ]
INFO: [ app_init ] --END-- [ RunTime:0.001000s ]
INFO: [ app_begin ] --START--
INFO: Run Behavior\ReadHtmlCacheBehavior [ RunTime:0.001000s ]
INFO: [ app_begin ] --END-- [ RunTime:0.001000s ]
SQL: SHOW COLUMNS FROM `gt_message` [ RunTime:0.0010s ]
SQL: SELECT COUNT(*) AS tp_count FROM `gt_message` WHERE `status` = 0 AND `admin_id` = 2 LIMIT 1   [ RunTime:0.0010s ]

[ 2016-11-18T18:51:27+08:00 ] 127.0.0.1 /Admin/Message/getNewMessage.html
INFO: [ app_init ] --START--
INFO: Run Behavior\BuildLiteBehavior [ RunTime:0.000000s ]
INFO: [ app_init ] --END-- [ RunTime:0.001000s ]
INFO: [ app_begin ] --START--
INFO: Run Behavior\ReadHtmlCacheBehavior [ RunTime:0.001000s ]
INFO: [ app_begin ] --END-- [ RunTime:0.001000s ]
SQL: SHOW COLUMNS FROM `gt_message` [ RunTime:0.0010s ]
SQL: SELECT COUNT(*) AS tp_count FROM `gt_message` WHERE `status` = 0 AND `admin_id` = 2 LIMIT 1   [ RunTime:0.0010s ]

[ 2016-11-18T18:51:47+08:00 ] 127.0.0.1 /Admin/Message/getNewMessage.html
INFO: [ app_init ] --START--
INFO: Run Behavior\BuildLiteBehavior [ RunTime:0.000000s ]
INFO: [ app_init ] --END-- [ RunTime:0.002000s ]
INFO: [ app_begin ] --START--
INFO: Run Behavior\ReadHtmlCacheBehavior [ RunTime:0.001000s ]
INFO: [ app_begin ] --END-- [ RunTime:0.002000s ]
SQL: SHOW COLUMNS FROM `gt_message` [ RunTime:0.0010s ]
SQL: SELECT COUNT(*) AS tp_count FROM `gt_message` WHERE `status` = 0 AND `admin_id` = 2 LIMIT 1   [ RunTime:0.0010s ]

[ 2016-11-18T18:52:07+08:00 ] 127.0.0.1 /Admin/Message/getNewMessage.html
INFO: [ app_init ] --START--
INFO: Run Behavior\BuildLiteBehavior [ RunTime:0.000000s ]
INFO: [ app_init ] --END-- [ RunTime:0.001000s ]
INFO: [ app_begin ] --START--
INFO: Run Behavior\ReadHtmlCacheBehavior [ RunTime:0.001000s ]
INFO: [ app_begin ] --END-- [ RunTime:0.001000s ]
SQL: SHOW COLUMNS FROM `gt_message` [ RunTime:0.0010s ]
SQL: SELECT COUNT(*) AS tp_count FROM `gt_message` WHERE `status` = 0 AND `admin_id` = 2 LIMIT 1   [ RunTime:0.0010s ]

[ 2016-11-18T18:52:27+08:00 ] 127.0.0.1 /Admin/Message/getNewMessage.html
INFO: [ app_init ] --START--
INFO: Run Behavior\BuildLiteBehavior [ RunTime:0.000000s ]
INFO: [ app_init ] --END-- [ RunTime:0.001000s ]
INFO: [ app_begin ] --START--
INFO: Run Behavior\ReadHtmlCacheBehavior [ RunTime:0.001000s ]
INFO: [ app_begin ] --END-- [ RunTime:0.001000s ]
SQL: SHOW COLUMNS FROM `gt_message` [ RunTime:0.0020s ]
SQL: SELECT COUNT(*) AS tp_count FROM `gt_message` WHERE `status` = 0 AND `admin_id` = 2 LIMIT 1   [ RunTime:0.0010s ]

[ 2016-11-18T18:52:47+08:00 ] 127.0.0.1 /Admin/Message/getNewMessage.html
INFO: [ app_init ] --START--
INFO: Run Behavior\BuildLiteBehavior [ RunTime:0.000000s ]
INFO: [ app_init ] --END-- [ RunTime:0.001000s ]
INFO: [ app_begin ] --START--
INFO: Run Behavior\ReadHtmlCacheBehavior [ RunTime:0.000000s ]
INFO: [ app_begin ] --END-- [ RunTime:0.001001s ]
SQL: SHOW COLUMNS FROM `gt_message` [ RunTime:0.0010s ]
SQL: SELECT COUNT(*) AS tp_count FROM `gt_message` WHERE `status` = 0 AND `admin_id` = 2 LIMIT 1   [ RunTime:0.0010s ]

[ 2016-11-18T18:53:07+08:00 ] 127.0.0.1 /Admin/Message/getNewMessage.html
INFO: [ app_init ] --START--
INFO: Run Behavior\BuildLiteBehavior [ RunTime:0.000000s ]
INFO: [ app_init ] --END-- [ RunTime:0.001000s ]
INFO: [ app_begin ] --START--
INFO: Run Behavior\ReadHtmlCacheBehavior [ RunTime:0.001000s ]
INFO: [ app_begin ] --END-- [ RunTime:0.002001s ]
SQL: SHOW COLUMNS FROM `gt_message` [ RunTime:0.0020s ]
SQL: SELECT COUNT(*) AS tp_count FROM `gt_message` WHERE `status` = 0 AND `admin_id` = 2 LIMIT 1   [ RunTime:0.0020s ]

[ 2016-11-18T18:53:27+08:00 ] 127.0.0.1 /Admin/Message/getNewMessage.html
INFO: [ app_init ] --START--
INFO: Run Behavior\BuildLiteBehavior [ RunTime:0.001000s ]
INFO: [ app_init ] --END-- [ RunTime:0.001000s ]
INFO: [ app_begin ] --START--
INFO: Run Behavior\ReadHtmlCacheBehavior [ RunTime:0.002000s ]
INFO: [ app_begin ] --END-- [ RunTime:0.002000s ]
SQL: SHOW COLUMNS FROM `gt_message` [ RunTime:0.0010s ]
SQL: SELECT COUNT(*) AS tp_count FROM `gt_message` WHERE `status` = 0 AND `admin_id` = 2 LIMIT 1   [ RunTime:0.0020s ]

[ 2016-11-18T18:53:47+08:00 ] 127.0.0.1 /Admin/Message/getNewMessage.html
INFO: [ app_init ] --START--
INFO: Run Behavior\BuildLiteBehavior [ RunTime:0.000000s ]
INFO: [ app_init ] --END-- [ RunTime:0.001000s ]
INFO: [ app_begin ] --START--
INFO: Run Behavior\ReadHtmlCacheBehavior [ RunTime:0.002000s ]
INFO: [ app_begin ] --END-- [ RunTime:0.002000s ]
SQL: SHOW COLUMNS FROM `gt_message` [ RunTime:0.0010s ]
SQL: SELECT COUNT(*) AS tp_count FROM `gt_message` WHERE `status` = 0 AND `admin_id` = 2 LIMIT 1   [ RunTime:0.0010s ]

[ 2016-11-18T18:54:07+08:00 ] 127.0.0.1 /Admin/Message/getNewMessage.html
INFO: [ app_init ] --START--
INFO: Run Behavior\BuildLiteBehavior [ RunTime:0.000000s ]
INFO: [ app_init ] --END-- [ RunTime:0.001000s ]
INFO: [ app_begin ] --START--
INFO: Run Behavior\ReadHtmlCacheBehavior [ RunTime:0.001000s ]
INFO: [ app_begin ] --END-- [ RunTime:0.001000s ]
SQL: SHOW COLUMNS FROM `gt_message` [ RunTime:0.0020s ]
SQL: SELECT COUNT(*) AS tp_count FROM `gt_message` WHERE `status` = 0 AND `admin_id` = 2 LIMIT 1   [ RunTime:0.0010s ]

[ 2016-11-18T18:54:27+08:00 ] 127.0.0.1 /Admin/Message/getNewMessage.html
INFO: [ app_init ] --START--
INFO: Run Behavior\BuildLiteBehavior [ RunTime:0.001000s ]
INFO: [ app_init ] --END-- [ RunTime:0.001000s ]
INFO: [ app_begin ] --START--
INFO: Run Behavior\ReadHtmlCacheBehavior [ RunTime:0.001000s ]
INFO: [ app_begin ] --END-- [ RunTime:0.001000s ]
SQL: SHOW COLUMNS FROM `gt_message` [ RunTime:0.0010s ]
SQL: SELECT COUNT(*) AS tp_count FROM `gt_message` WHERE `status` = 0 AND `admin_id` = 2 LIMIT 1   [ RunTime:0.0020s ]

[ 2016-11-18T18:54:47+08:00 ] 127.0.0.1 /Admin/Message/getNewMessage.html
INFO: [ app_init ] --START--
INFO: Run Behavior\BuildLiteBehavior [ RunTime:0.000000s ]
INFO: [ app_init ] --END-- [ RunTime:0.002000s ]
INFO: [ app_begin ] --START--
INFO: Run Behavior\ReadHtmlCacheBehavior [ RunTime:0.001000s ]
INFO: [ app_begin ] --END-- [ RunTime:0.001000s ]
SQL: SHOW COLUMNS FROM `gt_message` [ RunTime:0.0010s ]
SQL: SELECT COUNT(*) AS tp_count FROM `gt_message` WHERE `status` = 0 AND `admin_id` = 2 LIMIT 1   [ RunTime:0.0010s ]

[ 2016-11-18T18:55:07+08:00 ] 127.0.0.1 /Admin/Message/getNewMessage.html
INFO: [ app_init ] --START--
INFO: Run Behavior\BuildLiteBehavior [ RunTime:0.000000s ]
INFO: [ app_init ] --END-- [ RunTime:0.002001s ]
INFO: [ app_begin ] --START--
INFO: Run Behavior\ReadHtmlCacheBehavior [ RunTime:0.001000s ]
INFO: [ app_begin ] --END-- [ RunTime:0.003000s ]
SQL: SHOW COLUMNS FROM `gt_message` [ RunTime:0.0020s ]
SQL: SELECT COUNT(*) AS tp_count FROM `gt_message` WHERE `status` = 0 AND `admin_id` = 2 LIMIT 1   [ RunTime:0.0020s ]

[ 2016-11-18T18:55:27+08:00 ] 127.0.0.1 /Admin/Message/getNewMessage.html
INFO: [ app_init ] --START--
INFO: Run Behavior\BuildLiteBehavior [ RunTime:0.000000s ]
INFO: [ app_init ] --END-- [ RunTime:0.002000s ]
INFO: [ app_begin ] --START--
INFO: Run Behavior\ReadHtmlCacheBehavior [ RunTime:0.001000s ]
INFO: [ app_begin ] --END-- [ RunTime:0.001000s ]
SQL: SHOW COLUMNS FROM `gt_message` [ RunTime:0.0000s ]
SQL: SELECT COUNT(*) AS tp_count FROM `gt_message` WHERE `status` = 0 AND `admin_id` = 2 LIMIT 1   [ RunTime:0.0010s ]

[ 2016-11-18T18:55:47+08:00 ] 127.0.0.1 /Admin/Message/getNewMessage.html
INFO: [ app_init ] --START--
INFO: Run Behavior\BuildLiteBehavior [ RunTime:0.000000s ]
INFO: [ app_init ] --END-- [ RunTime:0.001000s ]
INFO: [ app_begin ] --START--
INFO: Run Behavior\ReadHtmlCacheBehavior [ RunTime:0.001001s ]
INFO: [ app_begin ] --END-- [ RunTime:0.001001s ]
SQL: SHOW COLUMNS FROM `gt_message` [ RunTime:0.0010s ]
SQL: SELECT COUNT(*) AS tp_count FROM `gt_message` WHERE `status` = 0 AND `admin_id` = 2 LIMIT 1   [ RunTime:0.0010s ]

[ 2016-11-18T18:56:07+08:00 ] 127.0.0.1 /Admin/Message/getNewMessage.html
INFO: [ app_init ] --START--
INFO: Run Behavior\BuildLiteBehavior [ RunTime:0.000000s ]
INFO: [ app_init ] --END-- [ RunTime:0.001000s ]
INFO: [ app_begin ] --START--
INFO: Run Behavior\ReadHtmlCacheBehavior [ RunTime:0.001000s ]
INFO: [ app_begin ] --END-- [ RunTime:0.002000s ]
SQL: SHOW COLUMNS FROM `gt_message` [ RunTime:0.0010s ]
SQL: SELECT COUNT(*) AS tp_count FROM `gt_message` WHERE `status` = 0 AND `admin_id` = 2 LIMIT 1   [ RunTime:0.0010s ]

[ 2016-11-18T18:56:27+08:00 ] 127.0.0.1 /Admin/Message/getNewMessage.html
INFO: [ app_init ] --START--
INFO: Run Behavior\BuildLiteBehavior [ RunTime:0.000000s ]
INFO: [ app_init ] --END-- [ RunTime:0.001000s ]
INFO: [ app_begin ] --START--
INFO: Run Behavior\ReadHtmlCacheBehavior [ RunTime:0.001000s ]
INFO: [ app_begin ] --END-- [ RunTime:0.001000s ]
SQL: SHOW COLUMNS FROM `gt_message` [ RunTime:0.0000s ]
SQL: SELECT COUNT(*) AS tp_count FROM `gt_message` WHERE `status` = 0 AND `admin_id` = 2 LIMIT 1   [ RunTime:0.0010s ]

[ 2016-11-18T18:56:47+08:00 ] 127.0.0.1 /Admin/Message/getNewMessage.html
INFO: [ app_init ] --START--
INFO: Run Behavior\BuildLiteBehavior [ RunTime:0.000000s ]
INFO: [ app_init ] --END-- [ RunTime:0.002000s ]
INFO: [ app_begin ] --START--
INFO: Run Behavior\ReadHtmlCacheBehavior [ RunTime:0.001000s ]
INFO: [ app_begin ] --END-- [ RunTime:0.001000s ]
SQL: SHOW COLUMNS FROM `gt_message` [ RunTime:0.0010s ]
SQL: SELECT COUNT(*) AS tp_count FROM `gt_message` WHERE `status` = 0 AND `admin_id` = 2 LIMIT 1   [ RunTime:0.0010s ]

[ 2016-11-18T18:57:07+08:00 ] 127.0.0.1 /Admin/Message/getNewMessage.html
INFO: [ app_init ] --START--
INFO: Run Behavior\BuildLiteBehavior [ RunTime:0.000000s ]
INFO: [ app_init ] --END-- [ RunTime:0.001000s ]
INFO: [ app_begin ] --START--
INFO: Run Behavior\ReadHtmlCacheBehavior [ RunTime:0.001000s ]
INFO: [ app_begin ] --END-- [ RunTime:0.001000s ]
SQL: SHOW COLUMNS FROM `gt_message` [ RunTime:0.0010s ]
SQL: SELECT COUNT(*) AS tp_count FROM `gt_message` WHERE `status` = 0 AND `admin_id` = 2 LIMIT 1   [ RunTime:0.0010s ]

[ 2016-11-18T18:57:27+08:00 ] 127.0.0.1 /Admin/Message/getNewMessage.html
INFO: [ app_init ] --START--
INFO: Run Behavior\BuildLiteBehavior [ RunTime:0.000000s ]
INFO: [ app_init ] --END-- [ RunTime:0.000000s ]
INFO: [ app_begin ] --START--
INFO: Run Behavior\ReadHtmlCacheBehavior [ RunTime:0.001000s ]
INFO: [ app_begin ] --END-- [ RunTime:0.001000s ]
SQL: SHOW COLUMNS FROM `gt_message` [ RunTime:0.0000s ]
SQL: SELECT COUNT(*) AS tp_count FROM `gt_message` WHERE `status` = 0 AND `admin_id` = 2 LIMIT 1   [ RunTime:0.0010s ]

[ 2016-11-18T18:57:47+08:00 ] 127.0.0.1 /Admin/Message/getNewMessage.html
INFO: [ app_init ] --START--
INFO: Run Behavior\BuildLiteBehavior [ RunTime:0.000000s ]
INFO: [ app_init ] --END-- [ RunTime:0.001000s ]
INFO: [ app_begin ] --START--
INFO: Run Behavior\ReadHtmlCacheBehavior [ RunTime:0.001000s ]
INFO: [ app_begin ] --END-- [ RunTime:0.001000s ]
SQL: SHOW COLUMNS FROM `gt_message` [ RunTime:0.0010s ]
SQL: SELECT COUNT(*) AS tp_count FROM `gt_message` WHERE `status` = 0 AND `admin_id` = 2 LIMIT 1   [ RunTime:0.0010s ]

[ 2016-11-18T18:58:07+08:00 ] 127.0.0.1 /Admin/Message/getNewMessage.html
INFO: [ app_init ] --START--
INFO: Run Behavior\BuildLiteBehavior [ RunTime:0.000000s ]
INFO: [ app_init ] --END-- [ RunTime:0.001001s ]
INFO: [ app_begin ] --START--
INFO: Run Behavior\ReadHtmlCacheBehavior [ RunTime:0.001000s ]
INFO: [ app_begin ] --END-- [ RunTime:0.002000s ]
SQL: SHOW COLUMNS FROM `gt_message` [ RunTime:0.0010s ]
SQL: SELECT COUNT(*) AS tp_count FROM `gt_message` WHERE `status` = 0 AND `admin_id` = 2 LIMIT 1   [ RunTime:0.0010s ]

[ 2016-11-18T18:58:27+08:00 ] 127.0.0.1 /Admin/Message/getNewMessage.html
INFO: [ app_init ] --START--
INFO: Run Behavior\BuildLiteBehavior [ RunTime:0.000000s ]
INFO: [ app_init ] --END-- [ RunTime:0.001000s ]
INFO: [ app_begin ] --START--
INFO: Run Behavior\ReadHtmlCacheBehavior [ RunTime:0.001000s ]
INFO: [ app_begin ] --END-- [ RunTime:0.002000s ]
SQL: SHOW COLUMNS FROM `gt_message` [ RunTime:0.0000s ]
SQL: SELECT COUNT(*) AS tp_count FROM `gt_message` WHERE `status` = 0 AND `admin_id` = 2 LIMIT 1   [ RunTime:0.0010s ]

[ 2016-11-18T18:58:47+08:00 ] 127.0.0.1 /Admin/Message/getNewMessage.html
INFO: [ app_init ] --START--
INFO: Run Behavior\BuildLiteBehavior [ RunTime:0.000000s ]
INFO: [ app_init ] --END-- [ RunTime:0.001000s ]
INFO: [ app_begin ] --START--
INFO: Run Behavior\ReadHtmlCacheBehavior [ RunTime:0.002000s ]
INFO: [ app_begin ] --END-- [ RunTime:0.002000s ]
SQL: SHOW COLUMNS FROM `gt_message` [ RunTime:0.0010s ]
SQL: SELECT COUNT(*) AS tp_count FROM `gt_message` WHERE `status` = 0 AND `admin_id` = 2 LIMIT 1   [ RunTime:0.0010s ]

[ 2016-11-18T18:59:07+08:00 ] 127.0.0.1 /Admin/Message/getNewMessage.html
INFO: [ app_init ] --START--
INFO: Run Behavior\BuildLiteBehavior [ RunTime:0.000000s ]
INFO: [ app_init ] --END-- [ RunTime:0.004000s ]
INFO: [ app_begin ] --START--
INFO: Run Behavior\ReadHtmlCacheBehavior [ RunTime:0.001000s ]
INFO: [ app_begin ] --END-- [ RunTime:0.002001s ]
SQL: SHOW COLUMNS FROM `gt_message` [ RunTime:0.0010s ]
SQL: SELECT COUNT(*) AS tp_count FROM `gt_message` WHERE `status` = 0 AND `admin_id` = 2 LIMIT 1   [ RunTime:0.0010s ]

[ 2016-11-18T18:59:27+08:00 ] 127.0.0.1 /Admin/Message/getNewMessage.html
INFO: [ app_init ] --START--
INFO: Run Behavior\BuildLiteBehavior [ RunTime:0.000000s ]
INFO: [ app_init ] --END-- [ RunTime:0.000000s ]
INFO: [ app_begin ] --START--
INFO: Run Behavior\ReadHtmlCacheBehavior [ RunTime:0.001000s ]
INFO: [ app_begin ] --END-- [ RunTime:0.001000s ]
SQL: SHOW COLUMNS FROM `gt_message` [ RunTime:0.0020s ]
SQL: SELECT COUNT(*) AS tp_count FROM `gt_message` WHERE `status` = 0 AND `admin_id` = 2 LIMIT 1   [ RunTime:0.0010s ]

[ 2016-11-18T18:59:47+08:00 ] 127.0.0.1 /Admin/Message/getNewMessage.html
INFO: [ app_init ] --START--
INFO: Run Behavior\BuildLiteBehavior [ RunTime:0.001000s ]
INFO: [ app_init ] --END-- [ RunTime:0.002000s ]
INFO: [ app_begin ] --START--
INFO: Run Behavior\ReadHtmlCacheBehavior [ RunTime:0.001000s ]
INFO: [ app_begin ] --END-- [ RunTime:0.001000s ]
SQL: SHOW COLUMNS FROM `gt_message` [ RunTime:0.0010s ]
SQL: SELECT COUNT(*) AS tp_count FROM `gt_message` WHERE `status` = 0 AND `admin_id` = 2 LIMIT 1   [ RunTime:0.0010s ]

[ 2016-11-18T19:00:07+08:00 ] 127.0.0.1 /Admin/Message/getNewMessage.html
INFO: [ app_init ] --START--
INFO: Run Behavior\BuildLiteBehavior [ RunTime:0.000000s ]
INFO: [ app_init ] --END-- [ RunTime:0.001000s ]
INFO: [ app_begin ] --START--
INFO: Run Behavior\ReadHtmlCacheBehavior [ RunTime:0.001000s ]
INFO: [ app_begin ] --END-- [ RunTime:0.002000s ]
SQL: SHOW COLUMNS FROM `gt_message` [ RunTime:0.0010s ]
SQL: SELECT COUNT(*) AS tp_count FROM `gt_message` WHERE `status` = 0 AND `admin_id` = 2 LIMIT 1   [ RunTime:0.0010s ]

[ 2016-11-18T19:00:27+08:00 ] 127.0.0.1 /Admin/Message/getNewMessage.html
INFO: [ app_init ] --START--
INFO: Run Behavior\BuildLiteBehavior [ RunTime:0.000000s ]
INFO: [ app_init ] --END-- [ RunTime:0.001000s ]
INFO: [ app_begin ] --START--
INFO: Run Behavior\ReadHtmlCacheBehavior [ RunTime:0.000000s ]
INFO: [ app_begin ] --END-- [ RunTime:0.002000s ]
SQL: SHOW COLUMNS FROM `gt_message` [ RunTime:0.0010s ]
SQL: SELECT COUNT(*) AS tp_count FROM `gt_message` WHERE `status` = 0 AND `admin_id` = 2 LIMIT 1   [ RunTime:0.0010s ]

[ 2016-11-18T19:00:48+08:00 ] 127.0.0.1 /Admin/Message/getNewMessage.html
INFO: [ app_init ] --START--
INFO: Run Behavior\BuildLiteBehavior [ RunTime:0.000000s ]
INFO: [ app_init ] --END-- [ RunTime:0.001000s ]
INFO: [ app_begin ] --START--
INFO: Run Behavior\ReadHtmlCacheBehavior [ RunTime:0.000000s ]
INFO: [ app_begin ] --END-- [ RunTime:0.001000s ]
SQL: SHOW COLUMNS FROM `gt_message` [ RunTime:0.0010s ]
SQL: SELECT COUNT(*) AS tp_count FROM `gt_message` WHERE `status` = 0 AND `admin_id` = 2 LIMIT 1   [ RunTime:0.0000s ]

[ 2016-11-18T19:01:07+08:00 ] 127.0.0.1 /Admin/Message/getNewMessage.html
INFO: [ app_init ] --START--
INFO: Run Behavior\BuildLiteBehavior [ RunTime:0.001000s ]
INFO: [ app_init ] --END-- [ RunTime:0.002000s ]
INFO: [ app_begin ] --START--
INFO: Run Behavior\ReadHtmlCacheBehavior [ RunTime:0.002000s ]
INFO: [ app_begin ] --END-- [ RunTime:0.004000s ]
SQL: SHOW COLUMNS FROM `gt_message` [ RunTime:0.0010s ]
SQL: SELECT COUNT(*) AS tp_count FROM `gt_message` WHERE `status` = 0 AND `admin_id` = 2 LIMIT 1   [ RunTime:0.0010s ]

[ 2016-11-18T19:01:27+08:00 ] 127.0.0.1 /Admin/Message/getNewMessage.html
INFO: [ app_init ] --START--
INFO: Run Behavior\BuildLiteBehavior [ RunTime:0.000000s ]
INFO: [ app_init ] --END-- [ RunTime:0.001001s ]
INFO: [ app_begin ] --START--
INFO: Run Behavior\ReadHtmlCacheBehavior [ RunTime:0.001000s ]
INFO: [ app_begin ] --END-- [ RunTime:0.001000s ]
SQL: SHOW COLUMNS FROM `gt_message` [ RunTime:0.0010s ]
SQL: SELECT COUNT(*) AS tp_count FROM `gt_message` WHERE `status` = 0 AND `admin_id` = 2 LIMIT 1   [ RunTime:0.0010s ]

[ 2016-11-18T19:01:47+08:00 ] 127.0.0.1 /Admin/Message/getNewMessage.html
INFO: [ app_init ] --START--
INFO: Run Behavior\BuildLiteBehavior [ RunTime:0.000000s ]
INFO: [ app_init ] --END-- [ RunTime:0.001000s ]
INFO: [ app_begin ] --START--
INFO: Run Behavior\ReadHtmlCacheBehavior [ RunTime:0.001000s ]
INFO: [ app_begin ] --END-- [ RunTime:0.001000s ]
SQL: SHOW COLUMNS FROM `gt_message` [ RunTime:0.0010s ]
SQL: SELECT COUNT(*) AS tp_count FROM `gt_message` WHERE `status` = 0 AND `admin_id` = 2 LIMIT 1   [ RunTime:0.0010s ]

[ 2016-11-18T19:02:07+08:00 ] 127.0.0.1 /Admin/Message/getNewMessage.html
INFO: [ app_init ] --START--
INFO: Run Behavior\BuildLiteBehavior [ RunTime:0.000000s ]
INFO: [ app_init ] --END-- [ RunTime:0.001000s ]
INFO: [ app_begin ] --START--
INFO: Run Behavior\ReadHtmlCacheBehavior [ RunTime:0.001000s ]
INFO: [ app_begin ] --END-- [ RunTime:0.001000s ]
SQL: SHOW COLUMNS FROM `gt_message` [ RunTime:0.0010s ]
SQL: SELECT COUNT(*) AS tp_count FROM `gt_message` WHERE `status` = 0 AND `admin_id` = 2 LIMIT 1   [ RunTime:0.0010s ]

[ 2016-11-18T19:02:27+08:00 ] 127.0.0.1 /Admin/Message/getNewMessage.html
INFO: [ app_init ] --START--
INFO: Run Behavior\BuildLiteBehavior [ RunTime:0.001001s ]
INFO: [ app_init ] --END-- [ RunTime:0.002001s ]
INFO: [ app_begin ] --START--
INFO: Run Behavior\ReadHtmlCacheBehavior [ RunTime:0.002001s ]
INFO: [ app_begin ] --END-- [ RunTime:0.004001s ]
SQL: SHOW COLUMNS FROM `gt_message` [ RunTime:0.0020s ]
SQL: SELECT COUNT(*) AS tp_count FROM `gt_message` WHERE `status` = 0 AND `admin_id` = 2 LIMIT 1   [ RunTime:0.0010s ]

[ 2016-11-18T19:02:47+08:00 ] 127.0.0.1 /Admin/Message/getNewMessage.html
INFO: [ app_init ] --START--
INFO: Run Behavior\BuildLiteBehavior [ RunTime:0.001000s ]
INFO: [ app_init ] --END-- [ RunTime:0.002000s ]
INFO: [ app_begin ] --START--
INFO: Run Behavior\ReadHtmlCacheBehavior [ RunTime:0.001000s ]
INFO: [ app_begin ] --END-- [ RunTime:0.001000s ]
SQL: SHOW COLUMNS FROM `gt_message` [ RunTime:0.0010s ]
SQL: SELECT COUNT(*) AS tp_count FROM `gt_message` WHERE `status` = 0 AND `admin_id` = 2 LIMIT 1   [ RunTime:0.0010s ]

[ 2016-11-18T19:03:07+08:00 ] 127.0.0.1 /Admin/Message/getNewMessage.html
INFO: [ app_init ] --START--
INFO: Run Behavior\BuildLiteBehavior [ RunTime:0.000000s ]
INFO: [ app_init ] --END-- [ RunTime:0.000000s ]
INFO: [ app_begin ] --START--
INFO: Run Behavior\ReadHtmlCacheBehavior [ RunTime:0.002000s ]
INFO: [ app_begin ] --END-- [ RunTime:0.002000s ]
SQL: SHOW COLUMNS FROM `gt_message` [ RunTime:0.0010s ]
SQL: SELECT COUNT(*) AS tp_count FROM `gt_message` WHERE `status` = 0 AND `admin_id` = 2 LIMIT 1   [ RunTime:0.0010s ]

[ 2016-11-18T19:03:27+08:00 ] 127.0.0.1 /Admin/Message/getNewMessage.html
INFO: [ app_init ] --START--
INFO: Run Behavior\BuildLiteBehavior [ RunTime:0.000000s ]
INFO: [ app_init ] --END-- [ RunTime:0.002000s ]
INFO: [ app_begin ] --START--
INFO: Run Behavior\ReadHtmlCacheBehavior [ RunTime:0.001000s ]
INFO: [ app_begin ] --END-- [ RunTime:0.002001s ]
SQL: SHOW COLUMNS FROM `gt_message` [ RunTime:0.0010s ]
SQL: SELECT COUNT(*) AS tp_count FROM `gt_message` WHERE `status` = 0 AND `admin_id` = 2 LIMIT 1   [ RunTime:0.0010s ]

[ 2016-11-18T19:03:47+08:00 ] 127.0.0.1 /Admin/Message/getNewMessage.html
INFO: [ app_init ] --START--
INFO: Run Behavior\BuildLiteBehavior [ RunTime:0.000000s ]
INFO: [ app_init ] --END-- [ RunTime:0.003000s ]
INFO: [ app_begin ] --START--
INFO: Run Behavior\ReadHtmlCacheBehavior [ RunTime:0.001000s ]
INFO: [ app_begin ] --END-- [ RunTime:0.001000s ]
SQL: SHOW COLUMNS FROM `gt_message` [ RunTime:0.0010s ]
SQL: SELECT COUNT(*) AS tp_count FROM `gt_message` WHERE `status` = 0 AND `admin_id` = 2 LIMIT 1   [ RunTime:0.0180s ]

[ 2016-11-18T19:04:07+08:00 ] 127.0.0.1 /Admin/Message/getNewMessage.html
INFO: [ app_init ] --START--
INFO: Run Behavior\BuildLiteBehavior [ RunTime:0.000000s ]
INFO: [ app_init ] --END-- [ RunTime:0.002000s ]
INFO: [ app_begin ] --START--
INFO: Run Behavior\ReadHtmlCacheBehavior [ RunTime:0.001000s ]
INFO: [ app_begin ] --END-- [ RunTime:0.003000s ]
SQL: SHOW COLUMNS FROM `gt_message` [ RunTime:0.0010s ]
SQL: SELECT COUNT(*) AS tp_count FROM `gt_message` WHERE `status` = 0 AND `admin_id` = 2 LIMIT 1   [ RunTime:0.0010s ]

[ 2016-11-18T19:04:27+08:00 ] 127.0.0.1 /Admin/Message/getNewMessage.html
INFO: [ app_init ] --START--
INFO: Run Behavior\BuildLiteBehavior [ RunTime:0.001000s ]
INFO: [ app_init ] --END-- [ RunTime:0.001000s ]
INFO: [ app_begin ] --START--
INFO: Run Behavior\ReadHtmlCacheBehavior [ RunTime:0.001000s ]
INFO: [ app_begin ] --END-- [ RunTime:0.001000s ]
SQL: SHOW COLUMNS FROM `gt_message` [ RunTime:0.0000s ]
SQL: SELECT COUNT(*) AS tp_count FROM `gt_message` WHERE `status` = 0 AND `admin_id` = 2 LIMIT 1   [ RunTime:0.0010s ]

[ 2016-11-18T19:04:47+08:00 ] 127.0.0.1 /Admin/Message/getNewMessage.html
INFO: [ app_init ] --START--
INFO: Run Behavior\BuildLiteBehavior [ RunTime:0.000000s ]
INFO: [ app_init ] --END-- [ RunTime:0.001000s ]
INFO: [ app_begin ] --START--
INFO: Run Behavior\ReadHtmlCacheBehavior [ RunTime:0.001000s ]
INFO: [ app_begin ] --END-- [ RunTime:0.001000s ]
SQL: SHOW COLUMNS FROM `gt_message` [ RunTime:0.0020s ]
SQL: SELECT COUNT(*) AS tp_count FROM `gt_message` WHERE `status` = 0 AND `admin_id` = 2 LIMIT 1   [ RunTime:0.0010s ]

[ 2016-11-18T19:05:07+08:00 ] 127.0.0.1 /Admin/Message/getNewMessage.html
INFO: [ app_init ] --START--
INFO: Run Behavior\BuildLiteBehavior [ RunTime:0.000000s ]
INFO: [ app_init ] --END-- [ RunTime:0.001000s ]
INFO: [ app_begin ] --START--
INFO: Run Behavior\ReadHtmlCacheBehavior [ RunTime:0.002000s ]
INFO: [ app_begin ] --END-- [ RunTime:0.002000s ]
SQL: SHOW COLUMNS FROM `gt_message` [ RunTime:0.0010s ]
SQL: SELECT COUNT(*) AS tp_count FROM `gt_message` WHERE `status` = 0 AND `admin_id` = 2 LIMIT 1   [ RunTime:0.0010s ]

[ 2016-11-18T19:05:27+08:00 ] 127.0.0.1 /Admin/Message/getNewMessage.html
INFO: [ app_init ] --START--
INFO: Run Behavior\BuildLiteBehavior [ RunTime:0.000000s ]
INFO: [ app_init ] --END-- [ RunTime:0.002000s ]
INFO: [ app_begin ] --START--
INFO: Run Behavior\ReadHtmlCacheBehavior [ RunTime:0.001000s ]
INFO: [ app_begin ] --END-- [ RunTime:0.001000s ]
SQL: SHOW COLUMNS FROM `gt_message` [ RunTime:0.0000s ]
SQL: SELECT COUNT(*) AS tp_count FROM `gt_message` WHERE `status` = 0 AND `admin_id` = 2 LIMIT 1   [ RunTime:0.0010s ]

[ 2016-11-18T19:05:47+08:00 ] 127.0.0.1 /Admin/Message/getNewMessage.html
INFO: [ app_init ] --START--
INFO: Run Behavior\BuildLiteBehavior [ RunTime:0.000000s ]
INFO: [ app_init ] --END-- [ RunTime:0.002000s ]
INFO: [ app_begin ] --START--
INFO: Run Behavior\ReadHtmlCacheBehavior [ RunTime:0.001000s ]
INFO: [ app_begin ] --END-- [ RunTime:0.002000s ]
SQL: SHOW COLUMNS FROM `gt_message` [ RunTime:0.0010s ]
SQL: SELECT COUNT(*) AS tp_count FROM `gt_message` WHERE `status` = 0 AND `admin_id` = 2 LIMIT 1   [ RunTime:0.0010s ]

[ 2016-11-18T19:06:07+08:00 ] 127.0.0.1 /Admin/Message/getNewMessage.html
INFO: [ app_init ] --START--
INFO: Run Behavior\BuildLiteBehavior [ RunTime:0.000000s ]
INFO: [ app_init ] --END-- [ RunTime:0.002000s ]
INFO: [ app_begin ] --START--
INFO: Run Behavior\ReadHtmlCacheBehavior [ RunTime:0.002000s ]
INFO: [ app_begin ] --END-- [ RunTime:0.003000s ]
SQL: SHOW COLUMNS FROM `gt_message` [ RunTime:0.0010s ]
SQL: SELECT COUNT(*) AS tp_count FROM `gt_message` WHERE `status` = 0 AND `admin_id` = 2 LIMIT 1   [ RunTime:0.0010s ]

[ 2016-11-18T19:06:27+08:00 ] 127.0.0.1 /Admin/Message/getNewMessage.html
INFO: [ app_init ] --START--
INFO: Run Behavior\BuildLiteBehavior [ RunTime:0.000000s ]
INFO: [ app_init ] --END-- [ RunTime:0.002000s ]
INFO: [ app_begin ] --START--
INFO: Run Behavior\ReadHtmlCacheBehavior [ RunTime:0.001000s ]
INFO: [ app_begin ] --END-- [ RunTime:0.002000s ]
SQL: SHOW COLUMNS FROM `gt_message` [ RunTime:0.0020s ]
SQL: SELECT COUNT(*) AS tp_count FROM `gt_message` WHERE `status` = 0 AND `admin_id` = 2 LIMIT 1   [ RunTime:0.0020s ]

[ 2016-11-18T19:06:47+08:00 ] 127.0.0.1 /Admin/Message/getNewMessage.html
INFO: [ app_init ] --START--
INFO: Run Behavior\BuildLiteBehavior [ RunTime:0.000000s ]
INFO: [ app_init ] --END-- [ RunTime:0.001000s ]
INFO: [ app_begin ] --START--
INFO: Run Behavior\ReadHtmlCacheBehavior [ RunTime:0.001000s ]
INFO: [ app_begin ] --END-- [ RunTime:0.001000s ]
SQL: SHOW COLUMNS FROM `gt_message` [ RunTime:0.0010s ]
SQL: SELECT COUNT(*) AS tp_count FROM `gt_message` WHERE `status` = 0 AND `admin_id` = 2 LIMIT 1   [ RunTime:0.0010s ]

[ 2016-11-18T19:07:07+08:00 ] 127.0.0.1 /Admin/Message/getNewMessage.html
INFO: [ app_init ] --START--
INFO: Run Behavior\BuildLiteBehavior [ RunTime:0.000000s ]
INFO: [ app_init ] --END-- [ RunTime:0.001000s ]
INFO: [ app_begin ] --START--
INFO: Run Behavior\ReadHtmlCacheBehavior [ RunTime:0.001000s ]
INFO: [ app_begin ] --END-- [ RunTime:0.002000s ]
SQL: SHOW COLUMNS FROM `gt_message` [ RunTime:0.0010s ]
SQL: SELECT COUNT(*) AS tp_count FROM `gt_message` WHERE `status` = 0 AND `admin_id` = 2 LIMIT 1   [ RunTime:0.0010s ]

[ 2016-11-18T19:07:27+08:00 ] 127.0.0.1 /Admin/Message/getNewMessage.html
INFO: [ app_init ] --START--
INFO: Run Behavior\BuildLiteBehavior [ RunTime:0.001000s ]
INFO: [ app_init ] --END-- [ RunTime:0.001000s ]
INFO: [ app_begin ] --START--
INFO: Run Behavior\ReadHtmlCacheBehavior [ RunTime:0.001000s ]
INFO: [ app_begin ] --END-- [ RunTime:0.002000s ]
SQL: SHOW COLUMNS FROM `gt_message` [ RunTime:0.0020s ]
SQL: SELECT COUNT(*) AS tp_count FROM `gt_message` WHERE `status` = 0 AND `admin_id` = 2 LIMIT 1   [ RunTime:0.0010s ]

[ 2016-11-18T19:07:47+08:00 ] 127.0.0.1 /Admin/Message/getNewMessage.html
INFO: [ app_init ] --START--
INFO: Run Behavior\BuildLiteBehavior [ RunTime:0.001000s ]
INFO: [ app_init ] --END-- [ RunTime:0.003000s ]
INFO: [ app_begin ] --START--
INFO: Run Behavior\ReadHtmlCacheBehavior [ RunTime:0.002000s ]
INFO: [ app_begin ] --END-- [ RunTime:0.004000s ]
SQL: SHOW COLUMNS FROM `gt_message` [ RunTime:0.0020s ]
SQL: SELECT COUNT(*) AS tp_count FROM `gt_message` WHERE `status` = 0 AND `admin_id` = 2 LIMIT 1   [ RunTime:0.0020s ]

[ 2016-11-18T19:08:07+08:00 ] 127.0.0.1 /Admin/Message/getNewMessage.html
INFO: [ app_init ] --START--
INFO: Run Behavior\BuildLiteBehavior [ RunTime:0.000000s ]
INFO: [ app_init ] --END-- [ RunTime:0.002001s ]
INFO: [ app_begin ] --START--
INFO: Run Behavior\ReadHtmlCacheBehavior [ RunTime:0.000000s ]
INFO: [ app_begin ] --END-- [ RunTime:0.002000s ]
SQL: SHOW COLUMNS FROM `gt_message` [ RunTime:0.0010s ]
SQL: SELECT COUNT(*) AS tp_count FROM `gt_message` WHERE `status` = 0 AND `admin_id` = 2 LIMIT 1   [ RunTime:0.0010s ]

[ 2016-11-18T19:08:27+08:00 ] 127.0.0.1 /Admin/Message/getNewMessage.html
INFO: [ app_init ] --START--
INFO: Run Behavior\BuildLiteBehavior [ RunTime:0.000000s ]
INFO: [ app_init ] --END-- [ RunTime:0.003000s ]
INFO: [ app_begin ] --START--
INFO: Run Behavior\ReadHtmlCacheBehavior [ RunTime:0.002000s ]
INFO: [ app_begin ] --END-- [ RunTime:0.003000s ]
SQL: SHOW COLUMNS FROM `gt_message` [ RunTime:0.0010s ]
SQL: SELECT COUNT(*) AS tp_count FROM `gt_message` WHERE `status` = 0 AND `admin_id` = 2 LIMIT 1   [ RunTime:0.0010s ]

[ 2016-11-18T19:08:47+08:00 ] 127.0.0.1 /Admin/Message/getNewMessage.html
INFO: [ app_init ] --START--
INFO: Run Behavior\BuildLiteBehavior [ RunTime:0.000000s ]
INFO: [ app_init ] --END-- [ RunTime:0.002001s ]
INFO: [ app_begin ] --START--
INFO: Run Behavior\ReadHtmlCacheBehavior [ RunTime:0.001000s ]
INFO: [ app_begin ] --END-- [ RunTime:0.001000s ]
SQL: SHOW COLUMNS FROM `gt_message` [ RunTime:0.0010s ]
SQL: SELECT COUNT(*) AS tp_count FROM `gt_message` WHERE `status` = 0 AND `admin_id` = 2 LIMIT 1   [ RunTime:0.0010s ]

[ 2016-11-18T19:09:07+08:00 ] 127.0.0.1 /Admin/Message/getNewMessage.html
INFO: [ app_init ] --START--
INFO: Run Behavior\BuildLiteBehavior [ RunTime:0.000000s ]
INFO: [ app_init ] --END-- [ RunTime:0.002000s ]
INFO: [ app_begin ] --START--
INFO: Run Behavior\ReadHtmlCacheBehavior [ RunTime:0.001000s ]
INFO: [ app_begin ] --END-- [ RunTime:0.002001s ]
SQL: SHOW COLUMNS FROM `gt_message` [ RunTime:0.0010s ]
SQL: SELECT COUNT(*) AS tp_count FROM `gt_message` WHERE `status` = 0 AND `admin_id` = 2 LIMIT 1   [ RunTime:0.0010s ]

[ 2016-11-18T19:09:27+08:00 ] 127.0.0.1 /Admin/Message/getNewMessage.html
INFO: [ app_init ] --START--
INFO: Run Behavior\BuildLiteBehavior [ RunTime:0.000000s ]
INFO: [ app_init ] --END-- [ RunTime:0.002000s ]
INFO: [ app_begin ] --START--
INFO: Run Behavior\ReadHtmlCacheBehavior [ RunTime:0.001000s ]
INFO: [ app_begin ] --END-- [ RunTime:0.001000s ]
SQL: SHOW COLUMNS FROM `gt_message` [ RunTime:0.0010s ]
SQL: SELECT COUNT(*) AS tp_count FROM `gt_message` WHERE `status` = 0 AND `admin_id` = 2 LIMIT 1   [ RunTime:0.0010s ]

[ 2016-11-18T19:09:47+08:00 ] 127.0.0.1 /Admin/Message/getNewMessage.html
INFO: [ app_init ] --START--
INFO: Run Behavior\BuildLiteBehavior [ RunTime:0.000000s ]
INFO: [ app_init ] --END-- [ RunTime:0.002000s ]
INFO: [ app_begin ] --START--
INFO: Run Behavior\ReadHtmlCacheBehavior [ RunTime:0.002000s ]
INFO: [ app_begin ] --END-- [ RunTime:0.002000s ]
SQL: SHOW COLUMNS FROM `gt_message` [ RunTime:0.0020s ]
SQL: SELECT COUNT(*) AS tp_count FROM `gt_message` WHERE `status` = 0 AND `admin_id` = 2 LIMIT 1   [ RunTime:0.0010s ]

[ 2016-11-18T19:10:07+08:00 ] 127.0.0.1 /Admin/Message/getNewMessage.html
INFO: [ app_init ] --START--
INFO: Run Behavior\BuildLiteBehavior [ RunTime:0.001001s ]
INFO: [ app_init ] --END-- [ RunTime:0.001001s ]
INFO: [ app_begin ] --START--
INFO: Run Behavior\ReadHtmlCacheBehavior [ RunTime:0.001000s ]
INFO: [ app_begin ] --END-- [ RunTime:0.001000s ]
SQL: SHOW COLUMNS FROM `gt_message` [ RunTime:0.0010s ]
SQL: SELECT COUNT(*) AS tp_count FROM `gt_message` WHERE `status` = 0 AND `admin_id` = 2 LIMIT 1   [ RunTime:0.0020s ]

[ 2016-11-18T19:10:27+08:00 ] 127.0.0.1 /Admin/Message/getNewMessage.html
INFO: [ app_init ] --START--
INFO: Run Behavior\BuildLiteBehavior [ RunTime:0.000000s ]
INFO: [ app_init ] --END-- [ RunTime:0.001000s ]
INFO: [ app_begin ] --START--
INFO: Run Behavior\ReadHtmlCacheBehavior [ RunTime:0.000000s ]
INFO: [ app_begin ] --END-- [ RunTime:0.001000s ]
SQL: SHOW COLUMNS FROM `gt_message` [ RunTime:0.0010s ]
SQL: SELECT COUNT(*) AS tp_count FROM `gt_message` WHERE `status` = 0 AND `admin_id` = 2 LIMIT 1   [ RunTime:0.0010s ]

[ 2016-11-18T19:10:47+08:00 ] 127.0.0.1 /Admin/Message/getNewMessage.html
INFO: [ app_init ] --START--
INFO: Run Behavior\BuildLiteBehavior [ RunTime:0.000000s ]
INFO: [ app_init ] --END-- [ RunTime:0.001000s ]
INFO: [ app_begin ] --START--
INFO: Run Behavior\ReadHtmlCacheBehavior [ RunTime:0.002000s ]
INFO: [ app_begin ] --END-- [ RunTime:0.002000s ]
SQL: SHOW COLUMNS FROM `gt_message` [ RunTime:0.0010s ]
SQL: SELECT COUNT(*) AS tp_count FROM `gt_message` WHERE `status` = 0 AND `admin_id` = 2 LIMIT 1   [ RunTime:0.0020s ]

[ 2016-11-18T19:11:07+08:00 ] 127.0.0.1 /Admin/Message/getNewMessage.html
INFO: [ app_init ] --START--
INFO: Run Behavior\BuildLiteBehavior [ RunTime:0.000000s ]
INFO: [ app_init ] --END-- [ RunTime:0.001000s ]
INFO: [ app_begin ] --START--
INFO: Run Behavior\ReadHtmlCacheBehavior [ RunTime:0.001000s ]
INFO: [ app_begin ] --END-- [ RunTime:0.001000s ]
SQL: SHOW COLUMNS FROM `gt_message` [ RunTime:0.0010s ]
SQL: SELECT COUNT(*) AS tp_count FROM `gt_message` WHERE `status` = 0 AND `admin_id` = 2 LIMIT 1   [ RunTime:0.0010s ]

[ 2016-11-18T19:11:27+08:00 ] 127.0.0.1 /Admin/Message/getNewMessage.html
INFO: [ app_init ] --START--
INFO: Run Behavior\BuildLiteBehavior [ RunTime:0.001000s ]
INFO: [ app_init ] --END-- [ RunTime:0.001000s ]
INFO: [ app_begin ] --START--
INFO: Run Behavior\ReadHtmlCacheBehavior [ RunTime:0.001000s ]
INFO: [ app_begin ] --END-- [ RunTime:0.003000s ]
SQL: SHOW COLUMNS FROM `gt_message` [ RunTime:0.0010s ]
SQL: SELECT COUNT(*) AS tp_count FROM `gt_message` WHERE `status` = 0 AND `admin_id` = 2 LIMIT 1   [ RunTime:0.0010s ]

[ 2016-11-18T19:11:47+08:00 ] 127.0.0.1 /Admin/Message/getNewMessage.html
INFO: [ app_init ] --START--
INFO: Run Behavior\BuildLiteBehavior [ RunTime:0.000000s ]
INFO: [ app_init ] --END-- [ RunTime:0.001000s ]
INFO: [ app_begin ] --START--
INFO: Run Behavior\ReadHtmlCacheBehavior [ RunTime:0.001000s ]
INFO: [ app_begin ] --END-- [ RunTime:0.001000s ]
SQL: SHOW COLUMNS FROM `gt_message` [ RunTime:0.0010s ]
SQL: SELECT COUNT(*) AS tp_count FROM `gt_message` WHERE `status` = 0 AND `admin_id` = 2 LIMIT 1   [ RunTime:0.0010s ]

[ 2016-11-18T19:12:07+08:00 ] 127.0.0.1 /Admin/Message/getNewMessage.html
INFO: [ app_init ] --START--
INFO: Run Behavior\BuildLiteBehavior [ RunTime:0.000000s ]
INFO: [ app_init ] --END-- [ RunTime:0.002000s ]
INFO: [ app_begin ] --START--
INFO: Run Behavior\ReadHtmlCacheBehavior [ RunTime:0.002001s ]
INFO: [ app_begin ] --END-- [ RunTime:0.003001s ]
SQL: SHOW COLUMNS FROM `gt_message` [ RunTime:0.0020s ]
SQL: SELECT COUNT(*) AS tp_count FROM `gt_message` WHERE `status` = 0 AND `admin_id` = 2 LIMIT 1   [ RunTime:0.0010s ]

[ 2016-11-18T19:12:27+08:00 ] 127.0.0.1 /Admin/Message/getNewMessage.html
INFO: [ app_init ] --START--
INFO: Run Behavior\BuildLiteBehavior [ RunTime:0.000000s ]
INFO: [ app_init ] --END-- [ RunTime:0.002000s ]
INFO: [ app_begin ] --START--
INFO: Run Behavior\ReadHtmlCacheBehavior [ RunTime:0.001000s ]
INFO: [ app_begin ] --END-- [ RunTime:0.002000s ]
SQL: SHOW COLUMNS FROM `gt_message` [ RunTime:0.0020s ]
SQL: SELECT COUNT(*) AS tp_count FROM `gt_message` WHERE `status` = 0 AND `admin_id` = 2 LIMIT 1   [ RunTime:0.0010s ]

[ 2016-11-18T19:12:47+08:00 ] 127.0.0.1 /Admin/Message/getNewMessage.html
INFO: [ app_init ] --START--
INFO: Run Behavior\BuildLiteBehavior [ RunTime:0.000000s ]
INFO: [ app_init ] --END-- [ RunTime:0.001000s ]
INFO: [ app_begin ] --START--
INFO: Run Behavior\ReadHtmlCacheBehavior [ RunTime:0.001001s ]
INFO: [ app_begin ] --END-- [ RunTime:0.002001s ]
SQL: SHOW COLUMNS FROM `gt_message` [ RunTime:0.0010s ]
SQL: SELECT COUNT(*) AS tp_count FROM `gt_message` WHERE `status` = 0 AND `admin_id` = 2 LIMIT 1   [ RunTime:0.0010s ]

[ 2016-11-18T19:13:07+08:00 ] 127.0.0.1 /Admin/Message/getNewMessage.html
INFO: [ app_init ] --START--
INFO: Run Behavior\BuildLiteBehavior [ RunTime:0.000000s ]
INFO: [ app_init ] --END-- [ RunTime:0.001001s ]
INFO: [ app_begin ] --START--
INFO: Run Behavior\ReadHtmlCacheBehavior [ RunTime:0.001000s ]
INFO: [ app_begin ] --END-- [ RunTime:0.001000s ]
SQL: SHOW COLUMNS FROM `gt_message` [ RunTime:0.0010s ]
SQL: SELECT COUNT(*) AS tp_count FROM `gt_message` WHERE `status` = 0 AND `admin_id` = 2 LIMIT 1   [ RunTime:0.0020s ]

[ 2016-11-18T19:13:27+08:00 ] 127.0.0.1 /Admin/Message/getNewMessage.html
INFO: [ app_init ] --START--
INFO: Run Behavior\BuildLiteBehavior [ RunTime:0.001000s ]
INFO: [ app_init ] --END-- [ RunTime:0.001000s ]
INFO: [ app_begin ] --START--
INFO: Run Behavior\ReadHtmlCacheBehavior [ RunTime:0.001000s ]
INFO: [ app_begin ] --END-- [ RunTime:0.003000s ]
SQL: SHOW COLUMNS FROM `gt_message` [ RunTime:0.0010s ]
SQL: SELECT COUNT(*) AS tp_count FROM `gt_message` WHERE `status` = 0 AND `admin_id` = 2 LIMIT 1   [ RunTime:0.0020s ]

[ 2016-11-18T19:13:47+08:00 ] 127.0.0.1 /Admin/Message/getNewMessage.html
INFO: [ app_init ] --START--
INFO: Run Behavior\BuildLiteBehavior [ RunTime:0.000000s ]
INFO: [ app_init ] --END-- [ RunTime:0.002001s ]
INFO: [ app_begin ] --START--
INFO: Run Behavior\ReadHtmlCacheBehavior [ RunTime:0.001000s ]
INFO: [ app_begin ] --END-- [ RunTime:0.002000s ]
SQL: SHOW COLUMNS FROM `gt_message` [ RunTime:0.0010s ]
SQL: SELECT COUNT(*) AS tp_count FROM `gt_message` WHERE `status` = 0 AND `admin_id` = 2 LIMIT 1   [ RunTime:0.0010s ]

[ 2016-11-18T19:14:07+08:00 ] 127.0.0.1 /Admin/Message/getNewMessage.html
INFO: [ app_init ] --START--
INFO: Run Behavior\BuildLiteBehavior [ RunTime:0.000000s ]
INFO: [ app_init ] --END-- [ RunTime:0.002000s ]
INFO: [ app_begin ] --START--
INFO: Run Behavior\ReadHtmlCacheBehavior [ RunTime:0.001000s ]
INFO: [ app_begin ] --END-- [ RunTime:0.002000s ]
SQL: SHOW COLUMNS FROM `gt_message` [ RunTime:0.0020s ]
SQL: SELECT COUNT(*) AS tp_count FROM `gt_message` WHERE `status` = 0 AND `admin_id` = 2 LIMIT 1   [ RunTime:0.0010s ]

[ 2016-11-18T19:14:27+08:00 ] 127.0.0.1 /Admin/Message/getNewMessage.html
INFO: [ app_init ] --START--
INFO: Run Behavior\BuildLiteBehavior [ RunTime:0.000000s ]
INFO: [ app_init ] --END-- [ RunTime:0.001000s ]
INFO: [ app_begin ] --START--
INFO: Run Behavior\ReadHtmlCacheBehavior [ RunTime:0.002000s ]
INFO: [ app_begin ] --END-- [ RunTime:0.003000s ]
SQL: SHOW COLUMNS FROM `gt_message` [ RunTime:0.0020s ]
SQL: SELECT COUNT(*) AS tp_count FROM `gt_message` WHERE `status` = 0 AND `admin_id` = 2 LIMIT 1   [ RunTime:0.0010s ]

[ 2016-11-18T19:14:47+08:00 ] 127.0.0.1 /Admin/Message/getNewMessage.html
INFO: [ app_init ] --START--
INFO: Run Behavior\BuildLiteBehavior [ RunTime:0.000000s ]
INFO: [ app_init ] --END-- [ RunTime:0.001000s ]
INFO: [ app_begin ] --START--
INFO: Run Behavior\ReadHtmlCacheBehavior [ RunTime:0.001000s ]
INFO: [ app_begin ] --END-- [ RunTime:0.001000s ]
SQL: SHOW COLUMNS FROM `gt_message` [ RunTime:0.0000s ]
SQL: SELECT COUNT(*) AS tp_count FROM `gt_message` WHERE `status` = 0 AND `admin_id` = 2 LIMIT 1   [ RunTime:0.0010s ]

[ 2016-11-18T19:15:07+08:00 ] 127.0.0.1 /Admin/Message/getNewMessage.html
INFO: [ app_init ] --START--
INFO: Run Behavior\BuildLiteBehavior [ RunTime:0.000000s ]
INFO: [ app_init ] --END-- [ RunTime:0.002000s ]
INFO: [ app_begin ] --START--
INFO: Run Behavior\ReadHtmlCacheBehavior [ RunTime:0.001000s ]
INFO: [ app_begin ] --END-- [ RunTime:0.001000s ]
SQL: SHOW COLUMNS FROM `gt_message` [ RunTime:0.0010s ]
SQL: SELECT COUNT(*) AS tp_count FROM `gt_message` WHERE `status` = 0 AND `admin_id` = 2 LIMIT 1   [ RunTime:0.0010s ]

[ 2016-11-18T19:15:27+08:00 ] 127.0.0.1 /Admin/Message/getNewMessage.html
INFO: [ app_init ] --START--
INFO: Run Behavior\BuildLiteBehavior [ RunTime:0.000000s ]
INFO: [ app_init ] --END-- [ RunTime:0.001000s ]
INFO: [ app_begin ] --START--
INFO: Run Behavior\ReadHtmlCacheBehavior [ RunTime:0.001000s ]
INFO: [ app_begin ] --END-- [ RunTime:0.001000s ]
SQL: SHOW COLUMNS FROM `gt_message` [ RunTime:0.0000s ]
SQL: SELECT COUNT(*) AS tp_count FROM `gt_message` WHERE `status` = 0 AND `admin_id` = 2 LIMIT 1   [ RunTime:0.0010s ]

[ 2016-11-18T19:15:47+08:00 ] 127.0.0.1 /Admin/Message/getNewMessage.html
INFO: [ app_init ] --START--
INFO: Run Behavior\BuildLiteBehavior [ RunTime:0.000000s ]
INFO: [ app_init ] --END-- [ RunTime:0.001000s ]
INFO: [ app_begin ] --START--
INFO: Run Behavior\ReadHtmlCacheBehavior [ RunTime:0.001000s ]
INFO: [ app_begin ] --END-- [ RunTime:0.001000s ]
SQL: SHOW COLUMNS FROM `gt_message` [ RunTime:0.0010s ]
SQL: SELECT COUNT(*) AS tp_count FROM `gt_message` WHERE `status` = 0 AND `admin_id` = 2 LIMIT 1   [ RunTime:0.0010s ]

[ 2016-11-18T19:16:07+08:00 ] 127.0.0.1 /Admin/Message/getNewMessage.html
INFO: [ app_init ] --START--
INFO: Run Behavior\BuildLiteBehavior [ RunTime:0.000000s ]
INFO: [ app_init ] --END-- [ RunTime:0.001000s ]
INFO: [ app_begin ] --START--
INFO: Run Behavior\ReadHtmlCacheBehavior [ RunTime:0.000000s ]
INFO: [ app_begin ] --END-- [ RunTime:0.002000s ]
SQL: SHOW COLUMNS FROM `gt_message` [ RunTime:0.0010s ]
SQL: SELECT COUNT(*) AS tp_count FROM `gt_message` WHERE `status` = 0 AND `admin_id` = 2 LIMIT 1   [ RunTime:0.0010s ]

[ 2016-11-18T19:16:27+08:00 ] 127.0.0.1 /Admin/Message/getNewMessage.html
INFO: [ app_init ] --START--
INFO: Run Behavior\BuildLiteBehavior [ RunTime:0.000000s ]
INFO: [ app_init ] --END-- [ RunTime:0.001000s ]
INFO: [ app_begin ] --START--
INFO: Run Behavior\ReadHtmlCacheBehavior [ RunTime:0.001000s ]
INFO: [ app_begin ] --END-- [ RunTime:0.002000s ]
SQL: SHOW COLUMNS FROM `gt_message` [ RunTime:0.0010s ]
SQL: SELECT COUNT(*) AS tp_count FROM `gt_message` WHERE `status` = 0 AND `admin_id` = 2 LIMIT 1   [ RunTime:0.0010s ]

[ 2016-11-18T19:16:47+08:00 ] 127.0.0.1 /Admin/Message/getNewMessage.html
INFO: [ app_init ] --START--
INFO: Run Behavior\BuildLiteBehavior [ RunTime:0.001000s ]
INFO: [ app_init ] --END-- [ RunTime:0.001000s ]
INFO: [ app_begin ] --START--
INFO: Run Behavior\ReadHtmlCacheBehavior [ RunTime:0.001000s ]
INFO: [ app_begin ] --END-- [ RunTime:0.002000s ]
SQL: SHOW COLUMNS FROM `gt_message` [ RunTime:0.0020s ]
SQL: SELECT COUNT(*) AS tp_count FROM `gt_message` WHERE `status` = 0 AND `admin_id` = 2 LIMIT 1   [ RunTime:0.0010s ]

[ 2016-11-18T19:17:07+08:00 ] 127.0.0.1 /Admin/Message/getNewMessage.html
INFO: [ app_init ] --START--
INFO: Run Behavior\BuildLiteBehavior [ RunTime:0.000000s ]
INFO: [ app_init ] --END-- [ RunTime:0.001000s ]
INFO: [ app_begin ] --START--
INFO: Run Behavior\ReadHtmlCacheBehavior [ RunTime:0.001000s ]
INFO: [ app_begin ] --END-- [ RunTime:0.002000s ]
SQL: SHOW COLUMNS FROM `gt_message` [ RunTime:0.0010s ]
SQL: SELECT COUNT(*) AS tp_count FROM `gt_message` WHERE `status` = 0 AND `admin_id` = 2 LIMIT 1   [ RunTime:0.0010s ]

[ 2016-11-18T19:17:27+08:00 ] 127.0.0.1 /Admin/Message/getNewMessage.html
INFO: [ app_init ] --START--
INFO: Run Behavior\BuildLiteBehavior [ RunTime:0.000000s ]
INFO: [ app_init ] --END-- [ RunTime:0.001000s ]
INFO: [ app_begin ] --START--
INFO: Run Behavior\ReadHtmlCacheBehavior [ RunTime:0.001000s ]
INFO: [ app_begin ] --END-- [ RunTime:0.003000s ]
SQL: SHOW COLUMNS FROM `gt_message` [ RunTime:0.0010s ]
SQL: SELECT COUNT(*) AS tp_count FROM `gt_message` WHERE `status` = 0 AND `admin_id` = 2 LIMIT 1   [ RunTime:0.0010s ]

[ 2016-11-18T19:17:47+08:00 ] 127.0.0.1 /Admin/Message/getNewMessage.html
INFO: [ app_init ] --START--
INFO: Run Behavior\BuildLiteBehavior [ RunTime:0.000000s ]
INFO: [ app_init ] --END-- [ RunTime:0.002000s ]
INFO: [ app_begin ] --START--
INFO: Run Behavior\ReadHtmlCacheBehavior [ RunTime:0.002000s ]
INFO: [ app_begin ] --END-- [ RunTime:0.002000s ]
SQL: SHOW COLUMNS FROM `gt_message` [ RunTime:0.0010s ]
SQL: SELECT COUNT(*) AS tp_count FROM `gt_message` WHERE `status` = 0 AND `admin_id` = 2 LIMIT 1   [ RunTime:0.0010s ]

[ 2016-11-18T19:18:07+08:00 ] 127.0.0.1 /Admin/Message/getNewMessage.html
INFO: [ app_init ] --START--
INFO: Run Behavior\BuildLiteBehavior [ RunTime:0.000000s ]
INFO: [ app_init ] --END-- [ RunTime:0.001000s ]
INFO: [ app_begin ] --START--
INFO: Run Behavior\ReadHtmlCacheBehavior [ RunTime:0.001000s ]
INFO: [ app_begin ] --END-- [ RunTime:0.002000s ]
SQL: SHOW COLUMNS FROM `gt_message` [ RunTime:0.0020s ]
SQL: SELECT COUNT(*) AS tp_count FROM `gt_message` WHERE `status` = 0 AND `admin_id` = 2 LIMIT 1   [ RunTime:0.0010s ]

[ 2016-11-18T19:18:27+08:00 ] 127.0.0.1 /Admin/Message/getNewMessage.html
INFO: [ app_init ] --START--
INFO: Run Behavior\BuildLiteBehavior [ RunTime:0.000000s ]
INFO: [ app_init ] --END-- [ RunTime:0.002000s ]
INFO: [ app_begin ] --START--
INFO: Run Behavior\ReadHtmlCacheBehavior [ RunTime:0.002000s ]
INFO: [ app_begin ] --END-- [ RunTime:0.003000s ]
SQL: SHOW COLUMNS FROM `gt_message` [ RunTime:0.0010s ]
SQL: SELECT COUNT(*) AS tp_count FROM `gt_message` WHERE `status` = 0 AND `admin_id` = 2 LIMIT 1   [ RunTime:0.0010s ]

[ 2016-11-18T19:18:47+08:00 ] 127.0.0.1 /Admin/Message/getNewMessage.html
INFO: [ app_init ] --START--
INFO: Run Behavior\BuildLiteBehavior [ RunTime:0.001000s ]
INFO: [ app_init ] --END-- [ RunTime:0.001000s ]
INFO: [ app_begin ] --START--
INFO: Run Behavior\ReadHtmlCacheBehavior [ RunTime:0.001000s ]
INFO: [ app_begin ] --END-- [ RunTime:0.001000s ]
SQL: SHOW COLUMNS FROM `gt_message` [ RunTime:0.0010s ]
SQL: SELECT COUNT(*) AS tp_count FROM `gt_message` WHERE `status` = 0 AND `admin_id` = 2 LIMIT 1   [ RunTime:0.0010s ]

[ 2016-11-18T19:19:07+08:00 ] 127.0.0.1 /Admin/Message/getNewMessage.html
INFO: [ app_init ] --START--
INFO: Run Behavior\BuildLiteBehavior [ RunTime:0.000000s ]
INFO: [ app_init ] --END-- [ RunTime:0.001000s ]
INFO: [ app_begin ] --START--
INFO: Run Behavior\ReadHtmlCacheBehavior [ RunTime:0.000000s ]
INFO: [ app_begin ] --END-- [ RunTime:0.002000s ]
SQL: SHOW COLUMNS FROM `gt_message` [ RunTime:0.0020s ]
SQL: SELECT COUNT(*) AS tp_count FROM `gt_message` WHERE `status` = 0 AND `admin_id` = 2 LIMIT 1   [ RunTime:0.0010s ]

[ 2016-11-18T19:19:27+08:00 ] 127.0.0.1 /Admin/Message/getNewMessage.html
INFO: [ app_init ] --START--
INFO: Run Behavior\BuildLiteBehavior [ RunTime:0.000000s ]
INFO: [ app_init ] --END-- [ RunTime:0.001000s ]
INFO: [ app_begin ] --START--
INFO: Run Behavior\ReadHtmlCacheBehavior [ RunTime:0.001000s ]
INFO: [ app_begin ] --END-- [ RunTime:0.002000s ]
SQL: SHOW COLUMNS FROM `gt_message` [ RunTime:0.0020s ]
SQL: SELECT COUNT(*) AS tp_count FROM `gt_message` WHERE `status` = 0 AND `admin_id` = 2 LIMIT 1   [ RunTime:0.0010s ]

[ 2016-11-18T19:19:47+08:00 ] 127.0.0.1 /Admin/Message/getNewMessage.html
INFO: [ app_init ] --START--
INFO: Run Behavior\BuildLiteBehavior [ RunTime:0.000000s ]
INFO: [ app_init ] --END-- [ RunTime:0.002000s ]
INFO: [ app_begin ] --START--
INFO: Run Behavior\ReadHtmlCacheBehavior [ RunTime:0.001000s ]
INFO: [ app_begin ] --END-- [ RunTime:0.003001s ]
SQL: SHOW COLUMNS FROM `gt_message` [ RunTime:0.0010s ]
SQL: SELECT COUNT(*) AS tp_count FROM `gt_message` WHERE `status` = 0 AND `admin_id` = 2 LIMIT 1   [ RunTime:0.0010s ]

[ 2016-11-18T19:20:07+08:00 ] 127.0.0.1 /Admin/Message/getNewMessage.html
INFO: [ app_init ] --START--
INFO: Run Behavior\BuildLiteBehavior [ RunTime:0.000000s ]
INFO: [ app_init ] --END-- [ RunTime:0.002000s ]
INFO: [ app_begin ] --START--
INFO: Run Behavior\ReadHtmlCacheBehavior [ RunTime:0.002000s ]
INFO: [ app_begin ] --END-- [ RunTime:0.004000s ]
SQL: SHOW COLUMNS FROM `gt_message` [ RunTime:0.0010s ]
SQL: SELECT COUNT(*) AS tp_count FROM `gt_message` WHERE `status` = 0 AND `admin_id` = 2 LIMIT 1   [ RunTime:0.0020s ]

[ 2016-11-18T19:20:27+08:00 ] 127.0.0.1 /Admin/Message/getNewMessage.html
INFO: [ app_init ] --START--
INFO: Run Behavior\BuildLiteBehavior [ RunTime:0.000000s ]
INFO: [ app_init ] --END-- [ RunTime:0.001000s ]
INFO: [ app_begin ] --START--
INFO: Run Behavior\ReadHtmlCacheBehavior [ RunTime:0.001000s ]
INFO: [ app_begin ] --END-- [ RunTime:0.001000s ]
SQL: SHOW COLUMNS FROM `gt_message` [ RunTime:0.0000s ]
SQL: SELECT COUNT(*) AS tp_count FROM `gt_message` WHERE `status` = 0 AND `admin_id` = 2 LIMIT 1   [ RunTime:0.0010s ]

[ 2016-11-18T19:20:47+08:00 ] 127.0.0.1 /Admin/Message/getNewMessage.html
INFO: [ app_init ] --START--
INFO: Run Behavior\BuildLiteBehavior [ RunTime:0.000000s ]
INFO: [ app_init ] --END-- [ RunTime:0.002000s ]
INFO: [ app_begin ] --START--
INFO: Run Behavior\ReadHtmlCacheBehavior [ RunTime:0.001000s ]
INFO: [ app_begin ] --END-- [ RunTime:0.001000s ]
SQL: SHOW COLUMNS FROM `gt_message` [ RunTime:0.0020s ]
SQL: SELECT COUNT(*) AS tp_count FROM `gt_message` WHERE `status` = 0 AND `admin_id` = 2 LIMIT 1   [ RunTime:0.0010s ]

[ 2016-11-18T19:21:07+08:00 ] 127.0.0.1 /Admin/Message/getNewMessage.html
INFO: [ app_init ] --START--
INFO: Run Behavior\BuildLiteBehavior [ RunTime:0.000000s ]
INFO: [ app_init ] --END-- [ RunTime:0.001000s ]
INFO: [ app_begin ] --START--
INFO: Run Behavior\ReadHtmlCacheBehavior [ RunTime:0.001000s ]
INFO: [ app_begin ] --END-- [ RunTime:0.001000s ]
SQL: SHOW COLUMNS FROM `gt_message` [ RunTime:0.0020s ]
SQL: SELECT COUNT(*) AS tp_count FROM `gt_message` WHERE `status` = 0 AND `admin_id` = 2 LIMIT 1   [ RunTime:0.0010s ]

[ 2016-11-18T19:21:27+08:00 ] 127.0.0.1 /Admin/Message/getNewMessage.html
INFO: [ app_init ] --START--
INFO: Run Behavior\BuildLiteBehavior [ RunTime:0.000000s ]
INFO: [ app_init ] --END-- [ RunTime:0.002000s ]
INFO: [ app_begin ] --START--
INFO: Run Behavior\ReadHtmlCacheBehavior [ RunTime:0.001000s ]
INFO: [ app_begin ] --END-- [ RunTime:0.001000s ]
SQL: SHOW COLUMNS FROM `gt_message` [ RunTime:0.0010s ]
SQL: SELECT COUNT(*) AS tp_count FROM `gt_message` WHERE `status` = 0 AND `admin_id` = 2 LIMIT 1   [ RunTime:0.0010s ]

[ 2016-11-18T19:21:47+08:00 ] 127.0.0.1 /Admin/Message/getNewMessage.html
INFO: [ app_init ] --START--
INFO: Run Behavior\BuildLiteBehavior [ RunTime:0.000000s ]
INFO: [ app_init ] --END-- [ RunTime:0.001000s ]
INFO: [ app_begin ] --START--
INFO: Run Behavior\ReadHtmlCacheBehavior [ RunTime:0.001000s ]
INFO: [ app_begin ] --END-- [ RunTime:0.003000s ]
SQL: SHOW COLUMNS FROM `gt_message` [ RunTime:0.0010s ]
SQL: SELECT COUNT(*) AS tp_count FROM `gt_message` WHERE `status` = 0 AND `admin_id` = 2 LIMIT 1   [ RunTime:0.0010s ]

[ 2016-11-18T19:22:07+08:00 ] 127.0.0.1 /Admin/Message/getNewMessage.html
INFO: [ app_init ] --START--
INFO: Run Behavior\BuildLiteBehavior [ RunTime:0.000000s ]
INFO: [ app_init ] --END-- [ RunTime:0.001000s ]
INFO: [ app_begin ] --START--
INFO: Run Behavior\ReadHtmlCacheBehavior [ RunTime:0.001000s ]
INFO: [ app_begin ] --END-- [ RunTime:0.002000s ]
SQL: SHOW COLUMNS FROM `gt_message` [ RunTime:0.0010s ]
SQL: SELECT COUNT(*) AS tp_count FROM `gt_message` WHERE `status` = 0 AND `admin_id` = 2 LIMIT 1   [ RunTime:0.0010s ]

[ 2016-11-18T19:22:27+08:00 ] 127.0.0.1 /Admin/Message/getNewMessage.html
INFO: [ app_init ] --START--
INFO: Run Behavior\BuildLiteBehavior [ RunTime:0.000000s ]
INFO: [ app_init ] --END-- [ RunTime:0.001000s ]
INFO: [ app_begin ] --START--
INFO: Run Behavior\ReadHtmlCacheBehavior [ RunTime:0.001000s ]
INFO: [ app_begin ] --END-- [ RunTime:0.001000s ]
SQL: SHOW COLUMNS FROM `gt_message` [ RunTime:0.0010s ]
SQL: SELECT COUNT(*) AS tp_count FROM `gt_message` WHERE `status` = 0 AND `admin_id` = 2 LIMIT 1   [ RunTime:0.0010s ]

[ 2016-11-18T19:22:47+08:00 ] 127.0.0.1 /Admin/Message/getNewMessage.html
INFO: [ app_init ] --START--
INFO: Run Behavior\BuildLiteBehavior [ RunTime:0.001000s ]
INFO: [ app_init ] --END-- [ RunTime:0.001000s ]
INFO: [ app_begin ] --START--
INFO: Run Behavior\ReadHtmlCacheBehavior [ RunTime:0.000000s ]
INFO: [ app_begin ] --END-- [ RunTime:0.002000s ]
SQL: SHOW COLUMNS FROM `gt_message` [ RunTime:0.0010s ]
SQL: SELECT COUNT(*) AS tp_count FROM `gt_message` WHERE `status` = 0 AND `admin_id` = 2 LIMIT 1   [ RunTime:0.0010s ]

[ 2016-11-18T19:23:07+08:00 ] 127.0.0.1 /Admin/Message/getNewMessage.html
INFO: [ app_init ] --START--
INFO: Run Behavior\BuildLiteBehavior [ RunTime:0.000000s ]
INFO: [ app_init ] --END-- [ RunTime:0.002001s ]
INFO: [ app_begin ] --START--
INFO: Run Behavior\ReadHtmlCacheBehavior [ RunTime:0.001000s ]
INFO: [ app_begin ] --END-- [ RunTime:0.002000s ]
SQL: SHOW COLUMNS FROM `gt_message` [ RunTime:0.0010s ]
SQL: SELECT COUNT(*) AS tp_count FROM `gt_message` WHERE `status` = 0 AND `admin_id` = 2 LIMIT 1   [ RunTime:0.0010s ]

[ 2016-11-18T19:23:27+08:00 ] 127.0.0.1 /Admin/Message/getNewMessage.html
INFO: [ app_init ] --START--
INFO: Run Behavior\BuildLiteBehavior [ RunTime:0.000000s ]
INFO: [ app_init ] --END-- [ RunTime:0.001000s ]
INFO: [ app_begin ] --START--
INFO: Run Behavior\ReadHtmlCacheBehavior [ RunTime:0.000000s ]
INFO: [ app_begin ] --END-- [ RunTime:0.002000s ]
SQL: SHOW COLUMNS FROM `gt_message` [ RunTime:0.0010s ]
SQL: SELECT COUNT(*) AS tp_count FROM `gt_message` WHERE `status` = 0 AND `admin_id` = 2 LIMIT 1   [ RunTime:0.0010s ]

[ 2016-11-18T19:23:47+08:00 ] 127.0.0.1 /Admin/Message/getNewMessage.html
INFO: [ app_init ] --START--
INFO: Run Behavior\BuildLiteBehavior [ RunTime:0.000000s ]
INFO: [ app_init ] --END-- [ RunTime:0.002000s ]
INFO: [ app_begin ] --START--
INFO: Run Behavior\ReadHtmlCacheBehavior [ RunTime:0.001000s ]
INFO: [ app_begin ] --END-- [ RunTime:0.002000s ]
SQL: SHOW COLUMNS FROM `gt_message` [ RunTime:0.0010s ]
SQL: SELECT COUNT(*) AS tp_count FROM `gt_message` WHERE `status` = 0 AND `admin_id` = 2 LIMIT 1   [ RunTime:0.0010s ]

[ 2016-11-18T19:24:07+08:00 ] 127.0.0.1 /Admin/Message/getNewMessage.html
INFO: [ app_init ] --START--
INFO: Run Behavior\BuildLiteBehavior [ RunTime:0.000000s ]
INFO: [ app_init ] --END-- [ RunTime:0.002000s ]
INFO: [ app_begin ] --START--
INFO: Run Behavior\ReadHtmlCacheBehavior [ RunTime:0.001000s ]
INFO: [ app_begin ] --END-- [ RunTime:0.002000s ]
SQL: SHOW COLUMNS FROM `gt_message` [ RunTime:0.0010s ]
SQL: SELECT COUNT(*) AS tp_count FROM `gt_message` WHERE `status` = 0 AND `admin_id` = 2 LIMIT 1   [ RunTime:0.0010s ]

[ 2016-11-18T19:24:27+08:00 ] 127.0.0.1 /Admin/Message/getNewMessage.html
INFO: [ app_init ] --START--
INFO: Run Behavior\BuildLiteBehavior [ RunTime:0.001000s ]
INFO: [ app_init ] --END-- [ RunTime:0.001000s ]
INFO: [ app_begin ] --START--
INFO: Run Behavior\ReadHtmlCacheBehavior [ RunTime:0.001000s ]
INFO: [ app_begin ] --END-- [ RunTime:0.002000s ]
SQL: SHOW COLUMNS FROM `gt_message` [ RunTime:0.0010s ]
SQL: SELECT COUNT(*) AS tp_count FROM `gt_message` WHERE `status` = 0 AND `admin_id` = 2 LIMIT 1   [ RunTime:0.0010s ]

[ 2016-11-18T19:24:47+08:00 ] 127.0.0.1 /Admin/Message/getNewMessage.html
INFO: [ app_init ] --START--
INFO: Run Behavior\BuildLiteBehavior [ RunTime:0.000000s ]
INFO: [ app_init ] --END-- [ RunTime:0.001000s ]
INFO: [ app_begin ] --START--
INFO: Run Behavior\ReadHtmlCacheBehavior [ RunTime:0.001000s ]
INFO: [ app_begin ] --END-- [ RunTime:0.001000s ]
SQL: SHOW COLUMNS FROM `gt_message` [ RunTime:0.0010s ]
SQL: SELECT COUNT(*) AS tp_count FROM `gt_message` WHERE `status` = 0 AND `admin_id` = 2 LIMIT 1   [ RunTime:0.0010s ]

[ 2016-11-18T19:25:07+08:00 ] 127.0.0.1 /Admin/Message/getNewMessage.html
INFO: [ app_init ] --START--
INFO: Run Behavior\BuildLiteBehavior [ RunTime:0.000000s ]
INFO: [ app_init ] --END-- [ RunTime:0.002001s ]
INFO: [ app_begin ] --START--
INFO: Run Behavior\ReadHtmlCacheBehavior [ RunTime:0.000000s ]
INFO: [ app_begin ] --END-- [ RunTime:0.001000s ]
SQL: SHOW COLUMNS FROM `gt_message` [ RunTime:0.0020s ]
SQL: SELECT COUNT(*) AS tp_count FROM `gt_message` WHERE `status` = 0 AND `admin_id` = 2 LIMIT 1   [ RunTime:0.0010s ]

